1792 52 1 2 3 4 8 9 11 13 16 17 18 22 23 27 32 33 34 37 38 41 42 45 48 49 51 52 55 60 62 65 66 68 70 71 72 73 75 77 78 79 81 83 85 86 87 88 90 93 94 96 98 100
1967 41 1 7 8 9 14 18 19 22 24 26 29 33 37 39 41 43 45 46 47 49 50 51 56 58 59 66 67 70 72 75 76 79 81 83 87 88 91 95 96 98 100
1985 41 3 5 9 11 15 18 19 20 24 30 35 36 40 41 43 44 46 47 49 51 52 54 55 58 59 60 61 71 74 75 79 81 82 84 88 89 90 92 93 97 100
1962 42 3 5 6 7 9 12 15 20 25 26 30 33 35 36 38 39 41 44 48 53 54 56 60 63 64 65 67 72 73 74 75 78 80 85 86 88 90 92 94 95 96 100
1837 42 2 6 8 9 10 12 13 20 21 22 23 26 30 32 39 42 46 47 48 49 50 52 54 61 63 66 67 68 69 70 71 74 75 77 79 80 82 91 93 94 98 100
1959 36 4 9 10 11 12 16 17 18 19 23 24 27 31 32 37 38 41 42 45 46 47 52 61 62 64 71 74 77 78 79 83 88 91 93 98 100
2060 44 2 5 6 7 9 18 19 20 24 26 27 29 30 31 35 38 41 42 44 45 46 49 50 55 56 57 62 70 72 73 75 78 79 80 81 85 88 90 91 94 95 98 99 100
2112 50 1 2 4 7 8 10 11 14 15 17 18 21 23 25 27 28 30 31 33 35 37 42 44 47 48 50 52 55 57 59 62 63 65 69 70 71 79 80 81 84 85 86 87 89 90 94 96 97 99 100
1962 49 1 5 8 9 10 11 13 14 15 17 21 29 30 33 34 36 37 38 41 42 43 46 47 48 51 53 55 58 60 61 62 65 66 67 70 75 76 81 82 83 84 86 87 88 89 93 97 99 100
2214 43 1 2 4 8 10 15 17 19 21 24 29 30 32 34 36 37 39 41 42 45 48 49 52 54 56 58 60 61 62 67 70 72 76 81 83 84 85 87 88 90 91 93 100
2133 49 2 5 6 9 11 14 15 19 22 23 25 26 28 29 31 32 35 36 39 41 42 43 44 45 47 48 51 52 53 57 60 65 68 69 74 76 77 79 80 81 82 84 87 89 91 93 95 96 100
2103 45 2 7 8 11 15 16 19 21 25 27 29 32 33 35 37 39 42 45 46 48 50 52 53 56 58 60 65 68 69 70 71 72 75 76 79 81 83 84 85 91 92 94 97 98 100
1908 47 2 5 6 7 9 10 13 15 16 19 21 22 25 26 28 30 32 34 35 37 39 41 42 43 44 46 49 50 54 55 59 60 61 64 65 73 75 77 83 86 87 89 92 94 98 99 100
1852 41 3 6 8 9 10 16 17 20 22 23 25 29 30 33 36 42 44 46 47 51 52 53 54 55 56 57 59 60 62 66 67 68 70 71 76 81 82 86 91 97 100
1926 45 3 6 7 9 11 12 14 16 18 19 21 22 28 29 30 31 33 39 41 45 49 51 52 56 65 66 68 73 74 75 76 77 80 81 83 84 86 87 88 90 93 95 97 99 100
1995 48 1 2 4 5 7 9 13 14 15 16 18 20 21 24 25 28 29 30 32 35 37 40 41 43 44 48 50 51 53 57 59 62 63 66 68 69 71 73 76 77 79 81 84 88 89 93 98 100
2032 46 5 7 8 10 14 17 19 21 25 27 28 31 32 33 34 35 38 40 42 45 47 52 53 54 56 57 59 61 62 64 66 68 70 72 75 80 82 83 88 89 90 91 94 98 99 100
1934 45 1 5 8 11 18 19 22 24 25 32 33 34 35 39 40 44 45 50 51 52 53 54 56 58 60 64 66 67 68 69 71 72 74 76 82 84 87 88 90 94 95 97 98 99 100
1849 53 4 7 8 9 14 15 16 17 18 20 22 23 27 28 30 33 34 37 38 40 41 42 45 46 48 49 51 53 54 55 60 61 62 63 64 66 67 68 70 72 73 77 79 80 82 85 86 90 95 96 97 99 100
2121 39 1 2 6 9 15 18 19 21 25 27 29 35 40 41 42 45 48 53 54 56 59 62 63 65 67 69 70 74 78 80 82 83 86 88 90 93 95 99 100
1831 36 1 2 5 6 7 8 11 17 29 30 36 38 43 44 45 47 48 49 52 55 59 65 66 67 72 73 78 79 81 83 85 86 87 93 97 100
2265 42 7 8 11 12 16 20 21 24 26 28 29 31 35 36 39 40 43 49 52 54 58 60 63 64 67 68 69 71 75 78 79 82 84 85 88 89 90 93 95 97 98 100
1835 43 1 2 4 9 16 17 21 24 25 26 30 32 37 38 39 40 42 45 48 49 53 61 62 63 65 66 68 69 71 72 79 80 86 87 88 89 90 93 94 95 97 98 100
2096 43 1 3 6 7 9 10 12 17 18 19 20 22 23 26 27 28 32 35 37 41 46 48 50 54 55 59 61 66 67 70 71 72 75 79 82 85 86 89 94 95 96 97 100
1940 43 2 3 6 7 8 9 13 16 17 18 20 23 25 27 29 33 34 36 41 42 45 48 51 53 54 59 61 62 63 67 68 69 73 79 80 81 83 85 89 94 97 98 100
1794 49 3 6 9 13 16 17 18 20 21 22 23 25 27 31 32 34 36 37 39 41 43 44 46 49 50 51 52 54 56 57 60 61 62 66 69 71 73 74 76 77 79 81 82 83 88 93 95 96 100
2030 41 1 2 8 12 18 21 22 28 30 36 41 43 44 46 48 49 50 53 56 57 63 64 67 70 72 73 74 76 78 79 80 81 85 86 89 91 92 95 96 99 100
1746 52 1 4 7 9 10 12 13 14 17 18 19 20 21 24 26 27 33 34 36 37 39 40 42 45 46 48 49 52 53 55 57 60 61 63 65 71 72 75 79 81 82 85 86 87 88 89 93 94 95 98 99 100
1878 46 1 2 6 8 10 12 14 17 20 22 24 28 29 31 32 37 40 41 43 47 48 49 50 51 52 55 56 61 62 63 64 67 69 70 75 79 80 81 85 86 87 90 93 96 98 100
1764 50 1 4 5 9 10 11 12 13 18 19 20 22 23 24 25 26 27 29 30 36 38 41 42 44 45 47 48 49 52 53 55 58 60 61 62 65 70 78 81 82 83 87 88 91 92 94 96 98 99 100
1901 45 2 7 9 10 11 14 15 17 21 22 26 29 31 34 37 38 40 41 42 44 45 48 51 52 58 60 63 66 67 68 70 71 73 75 76 78 80 81 85 87 91 94 97 99 100
1917 44 1 2 4 6 9 11 13 15 16 17 24 27 29 30 32 33 37 40 41 43 48 51 53 56 59 60 61 62 64 67 68 72 78 81 84 87 89 90 93 95 96 98 99 100
1853 48 5 6 10 14 15 18 19 22 24 28 29 31 32 33 35 36 37 38 39 41 42 45 46 47 50 51 53 56 57 58 59 62 63 66 69 70 72 74 76 78 80 84 85 86 91 95 99 100
1950 51 1 2 6 8 9 10 11 19 20 21 22 24 25 26 27 29 31 32 33 34 39 41 42 46 52 56 58 61 64 69 70 72 74 76 77 78 79 81 82 83 85 87 88 89 91 93 95 96 97 99 100
1828 47 5 7 10 12 14 15 18 19 20 21 22 24 26 29 31 32 34 35 36 38 42 44 45 47 50 51 52 59 61 63 65 66 67 71 72 73 76 77 79 80 84 87 91 95 96 99 100
1628 49 1 4 5 8 10 11 13 17 18 21 23 25 27 28 32 33 37 38 39 40 44 46 47 48 50 54 56 59 62 64 66 68 69 72 78 79 80 84 85 86 87 90 91 93 94 96 97 99 100
2158 42 1 3 4 6 7 8 16 17 18 19 21 24 25 27 32 35 38 39 41 43 46 48 51 52 54 56 58 59 60 65 66 69 73 74 77 80 82 83 88 92 97 100
2072 44 2 7 13 15 21 24 28 31 33 34 36 38 39 42 43 46 50 52 53 54 59 64 65 66 67 69 70 71 72 75 76 78 79 80 81 86 87 90 91 93 94 95 98 100
1784 44 1 2 4 6 7 11 12 15 19 21 26 28 29 30 33 38 39 40 41 43 44 47 53 56 57 58 62 63 65 67 68 69 70 73 74 75 77 80 82 88 93 96 97 100
1969 51 2 3 8 9 13 17 18 19 20 21 22 24 27 33 34 35 39 40 42 44 45 48 49 50 52 53 54 55 59 60 62 64 66 68 69 70 72 73 78 79 80 81 85 86 87 89 91 92 93 98 100
2014 42 4 5 6 8 9 11 13 18 19 20 23 24 27 29 30 32 33 36 39 40 44 45 46 48 50 51 54 57 58 62 65 66 74 79 81 83 85 88 90 94 98 100
1883 42 3 5 7 10 12 14 15 17 18 21 22 23 24 25 27 28 29 30 34 36 40 41 45 51 55 57 62 64 65 68 73 78 83 84 86 88 89 92 95 97 99 100
1856 48 4 7 9 11 13 16 17 19 21 22 23 25 26 30 33 34 35 37 41 42 44 45 48 49 53 54 55 59 60 62 64 70 72 73 76 78 79 81 83 85 86 88 91 92 94 95 99 100
1963 49 1 2 5 7 10 12 13 14 19 21 22 24 25 26 28 29 30 31 34 36 38 40 42 45 48 49 51 55 56 59 60 63 66 68 69 71 72 74 79 82 83 84 85 88 90 96 97 99 100
1792 36 2 3 5 8 10 15 17 18 19 23 25 27 34 37 43 47 50 56 59 60 63 64 67 68 70 71 78 80 81 83 84 88 90 94 97 100
2138 49 1 2 3 6 9 12 15 16 17 19 20 22 24 26 28 29 30 31 32 34 36 37 38 39 40 43 44 46 48 49 51 58 59 60 62 64 66 67 69 71 74 76 79 83 85 88 90 96 100
1896 48 1 4 6 7 9 11 12 13 14 20 21 22 25 26 28 29 30 31 34 39 41 42 45 48 51 53 55 56 60 64 65 66 69 70 72 75 78 80 81 83 85 86 87 90 91 92 96 100
1826 48 2 4 6 12 14 15 19 20 21 22 24 25 26 27 29 33 34 36 39 40 41 44 45 46 51 52 57 60 63 65 69 72 73 77 79 81 82 84 85 87 89 90 93 95 97 98 99 100
1927 38 4 6 7 9 10 16 19 22 23 24 26 28 30 34 35 36 39 42 50 51 52 55 58 63 64 66 67 70 75 76 77 81 84 86 93 95 98 100
2175 51 1 2 4 5 7 8 16 17 18 20 21 24 28 30 32 33 35 37 38 40 41 45 48 50 53 55 58 60 61 64 65 66 67 69 70 71 76 77 78 81 82 84 85 87 88 90 93 94 95 98 100
1904 47 1 6 7 8 10 13 16 17 19 21 23 25 26 28 30 32 34 39 41 43 47 48 49 51 52 53 56 58 60 63 64 67 69 70 72 77 78 79 81 82 84 86 87 91 96 99 100
2137 44 6 7 9 10 15 16 20 22 24 25 26 29 30 32 35 36 38 41 42 44 45 46 48 55 56 58 59 60 61 64 66 71 76 78 81 82 85 86 88 95 96 97 99 100
1904 45 4 5 6 7 8 20 23 24 27 28 35 36 40 41 43 45 46 48 52 55 56 59 61 62 64 65 67 69 70 73 74 75 77 79 80 82 85 86 88 90 94 95 96 97 100
2022 46 1 4 5 7 9 10 11 12 15 17 19 20 25 26 28 29 31 32 34 40 41 42 44 47 48 49 50 55 61 63 64 65 67 68 70 72 73 75 77 80 85 89 90 91 95 100
2053 46 3 7 9 14 18 21 24 26 29 30 31 36 38 39 40 41 42 45 46 47 49 50 51 52 54 55 57 59 61 63 65 67 71 72 73 77 78 82 84 88 89 91 93 96 99 100
1988 55 1 2 3 5 6 7 13 14 15 21 23 24 25 27 28 30 32 33 35 36 42 44 46 48 49 52 54 55 56 57 60 61 63 64 65 68 69 74 75 76 77 78 79 81 82 84 85 87 90 91 95 96 97 98 100
2092 43 1 4 6 9 10 11 13 16 20 28 30 31 34 35 37 39 40 42 44 45 47 51 54 55 59 60 63 64 69 70 72 74 76 77 80 84 86 87 95 96 97 98 100
2084 45 3 4 5 11 12 13 15 17 19 21 23 25 26 28 33 35 36 38 39 43 46 48 51 53 55 58 59 63 64 66 71 73 78 79 80 82 83 86 90 92 94 96 98 99 100
2140 48 9 10 14 16 18 19 25 27 30 34 35 36 39 40 41 42 43 45 47 48 49 50 51 57 58 60 62 63 65 69 70 71 73 74 75 79 81 85 86 87 89 90 93 95 96 98 99 100
1886 44 1 2 3 4 5 10 13 15 18 20 21 27 28 32 36 38 39 40 44 48 52 53 55 56 60 68 70 71 72 73 74 75 76 79 82 83 86 87 88 91 93 94 95 100
1950 44 2 5 7 8 10 14 15 16 17 19 22 23 24 26 28 30 31 36 42 43 45 47 49 51 52 55 57 58 59 61 64 67 68 72 73 76 77 81 89 91 93 95 98 100
2083 40 1 2 5 6 10 13 14 16 18 19 21 26 27 34 35 37 38 40 41 46 48 51 52 56 57 58 63 66 71 72 74 80 81 86 87 91 92 93 98 100
1930 44 4 7 11 14 18 19 23 25 26 30 32 33 35 36 41 42 44 47 49 51 52 56 59 60 61 63 64 65 66 67 68 71 74 75 76 82 86 89 90 91 93 94 95 100
1859 40 1 2 3 5 6 7 9 10 13 16 18 20 21 23 26 28 34 35 38 39 41 43 46 48 57 58 60 63 66 69 71 78 81 83 86 87 91 94 97 100
2010 49 1 2 3 6 10 11 14 15 18 19 21 22 24 26 31 32 33 34 37 38 42 44 47 49 52 54 61 62 63 66 70 72 73 74 75 77 78 79 82 83 84 85 86 91 92 95 98 99 100
2121 40 1 2 3 7 9 10 13 17 18 20 21 24 33 36 38 39 43 45 47 48 49 53 54 55 63 67 69 70 71 72 74 77 82 83 84 90 93 98 99 100
2149 44 1 5 6 8 10 14 16 18 21 22 23 25 26 28 31 36 38 39 42 43 44 47 50 51 53 54 55 56 58 61 63 70 71 74 78 81 82 83 87 89 94 98 99 100
2017 42 1 2 8 9 17 21 22 23 25 27 28 29 31 33 35 36 40 44 46 48 51 52 53 55 60 62 63 65 67 70 75 77 78 80 81 82 88 90 92 95 99 100
2009 45 2 3 6 10 11 14 15 16 18 22 23 27 29 33 36 37 39 42 49 52 53 56 57 58 59 60 66 68 70 71 74 75 76 78 81 83 86 87 88 93 96 97 98 99 100
2080 45 1 4 5 8 10 14 17 18 23 25 28 29 31 32 34 36 37 40 41 44 45 46 47 49 52 54 56 62 63 65 67 72 75 79 81 84 85 86 87 88 90 91 93 96 100
2300 49 1 3 5 8 9 11 13 15 18 20 22 25 26 28 32 34 39 42 45 48 49 52 54 57 58 59 61 62 65 68 69 70 72 74 76 77 79 81 83 86 87 88 90 91 92 94 97 98 100
1671 47 1 3 5 6 9 11 12 14 15 17 20 21 23 24 25 26 27 30 32 33 41 43 46 47 48 50 52 53 54 56 57 58 60 63 69 71 75 77 81 84 85 86 90 91 93 98 100
1820 46 3 4 9 14 15 17 19 22 23 28 29 30 31 33 34 36 37 39 41 43 49 50 52 53 54 57 59 61 62 65 70 71 72 73 75 78 79 80 82 86 88 92 94 98 99 100
1979 44 1 2 4 7 8 9 12 13 19 21 24 25 29 32 33 35 36 38 41 44 47 51 54 55 57 60 61 64 66 67 69 75 76 77 78 80 86 87 89 90 91 93 96 100
2001 41 2 8 11 13 14 16 17 18 19 20 22 25 26 30 33 35 37 42 44 45 48 49 51 52 53 57 59 60 64 68 70 73 76 77 80 83 86 87 92 96 100
1950 45 6 10 12 13 14 15 17 19 21 22 28 29 31 32 34 37 38 42 44 46 49 53 54 55 57 59 61 63 64 65 66 67 69 72 73 77 79 81 87 89 92 93 96 97 100
2010 48 1 2 6 7 8 9 10 12 16 17 19 21 23 25 27 33 34 35 39 41 43 44 46 52 55 56 57 58 59 61 65 67 69 73 74 76 77 79 81 83 85 87 88 92 95 97 98 100
2169 45 6 7 8 9 11 13 14 20 21 22 24 27 29 30 33 38 40 41 42 44 45 49 52 53 54 57 59 61 64 69 72 76 77 80 81 84 86 87 88 92 93 97 98 99 100
1951 48 1 2 4 5 6 10 12 14 15 16 17 18 20 22 26 29 30 32 34 35 36 37 40 43 47 52 53 54 56 62 65 67 68 72 75 78 79 82 84 85 89 90 91 93 95 97 99 100
1876 45 3 6 7 10 11 12 13 19 21 23 24 25 30 33 35 38 42 45 47 49 50 52 56 58 60 62 64 65 67 71 74 75 76 78 81 82 85 88 90 92 94 96 97 99 100
1932 44 3 5 7 8 10 11 12 15 16 19 21 22 27 30 33 34 35 38 41 42 44 45 46 47 49 55 58 65 67 70 71 73 74 76 78 80 83 87 90 93 94 95 99 100
2112 42 1 3 4 11 12 14 15 22 25 27 28 32 34 35 39 40 42 43 47 54 55 56 57 62 63 64 65 68 71 72 76 77 80 87 89 92 93 94 96 97 99 100
2164 36 4 6 7 12 16 17 18 20 21 25 27 28 29 33 34 38 41 46 48 50 52 57 60 66 67 70 71 73 76 79 82 91 92 97 98 100
2072 43 3 4 5 7 9 11 13 14 15 16 19 21 22 25 26 27 32 35 38 40 42 46 51 52 54 58 59 61 63 66 69 70 75 77 79 81 85 88 89 91 98 99 100
1852 43 1 6 7 8 9 13 15 17 19 20 22 26 27 28 29 31 35 37 43 48 52 57 60 61 64 69 70 71 73 76 77 79 80 82 85 88 89 92 93 94 96 97 100
1789 47 1 3 7 11 13 15 20 21 22 23 25 27 28 29 30 32 36 40 41 43 44 46 47 49 51 53 56 57 59 60 64 67 68 69 70 71 75 77 78 79 83 85 86 91 94 97 100
1825 41 2 3 5 6 9 11 15 17 19 20 21 23 24 30 32 34 38 39 40 42 43 44 48 51 55 58 59 62 64 65 69 72 74 76 80 83 91 92 97 98 100
2081 44 2 3 5 9 10 13 14 17 18 19 21 23 24 25 31 32 38 42 44 45 46 52 53 54 55 57 63 65 66 67 71 72 73 74 76 77 80 82 84 89 90 95 98 100
2337 48 1 3 5 6 10 12 14 15 17 18 20 22 25 26 28 29 32 35 37 38 39 43 47 50 52 54 55 58 59 60 61 65 71 72 74 75 77 79 80 83 84 88 90 91 97 98 99 100
2157 43 1 2 6 9 11 14 16 17 21 24 26 27 29 30 31 40 41 45 46 57 58 61 62 66 67 69 70 72 74 75 77 79 82 83 84 86 90 91 92 94 96 99 100
2132 44 4 7 11 12 14 16 19 22 25 28 31 32 34 37 39 42 43 44 45 46 51 52 55 56 59 60 61 69 70 71 72 73 76 77 80 81 82 88 89 92 94 95 96 100
1887 52 1 2 3 5 6 9 10 11 14 15 16 17 18 19 20 24 25 28 30 31 32 33 34 36 39 41 45 48 51 54 57 60 61 62 63 65 66 67 73 74 79 80 82 83 85 89 92 96 97 98 99 100
1823 45 2 4 5 8 9 12 13 16 17 18 19 20 23 27 28 31 37 38 40 42 44 45 46 49 50 52 53 56 59 60 61 63 65 66 68 79 81 83 84 89 91 93 94 99 100
1854 40 1 2 3 4 7 10 11 13 16 18 21 27 28 30 32 33 37 38 39 46 49 52 54 56 57 59 61 71 72 73 77 78 80 81 82 84 92 94 97 100
1951 41 3 7 12 13 18 20 22 25 26 27 28 31 34 36 37 39 40 41 42 46 47 49 51 53 54 58 59 63 65 67 70 74 75 76 77 85 86 89 90 99 100
1873 48 1 3 4 6 7 8 9 12 13 14 18 19 21 22 24 25 29 30 33 37 41 42 44 45 47 48 51 55 58 59 60 61 62 63 64 74 78 79 80 84 85 87 89 91 92 96 99 100
1929 36 2 9 15 17 19 25 27 32 33 38 39 43 46 47 48 50 52 56 58 60 61 67 68 70 72 74 76 78 79 86 89 90 92 97 99 100
2118 46 1 2 5 6 9 11 12 15 18 22 23 24 25 26 29 31 32 34 36 38 39 42 43 44 45 51 57 58 60 62 63 65 66 67 68 73 77 85 87 89 91 92 93 97 98 100
1838 41 6 7 8 9 10 13 14 17 18 19 28 30 33 35 36 38 41 44 46 47 50 51 53 55 56 57 58 61 65 69 70 74 79 81 82 83 84 89 97 99 100
1929 40 5 6 7 11 13 19 22 24 27 31 32 33 35 37 38 39 44 48 50 52 54 56 58 59 60 65 68 73 74 75 77 80 81 83 88 90 92 93 98 100
