449 3 3 9 10
299 7 1 2 3 4 7 8 10
371 6 1 3 4 6 8 10
386 5 1 2 3 7 10
226 4 1 3 7 10
399 2 4 10
321 4 2 3 7 10
402 4 4 6 9 10
207 6 1 6 7 8 9 10
338 4 4 6 8 10
463 3 6 10 15
502 5 2 3 10 14 15
274 9 1 2 7 8 9 11 12 14 15
372 7 4 6 8 10 11 13 15
447 8 1 4 5 7 11 12 13 15
653 8 1 2 3 4 9 11 13 15
577 5 7 10 12 14 15
511 9 1 2 3 4 8 12 13 14 15
618 6 1 2 5 9 12 15
379 9 2 4 7 10 11 12 13 14 15
872 12 1 2 4 5 6 8 11 13 14 15 19 20
455 11 1 3 7 10 13 15 16 17 18 19 20
603 12 1 2 7 8 9 12 13 15 17 18 19 20
631 9 4 6 7 9 11 12 14 15 20
590 11 1 3 5 6 8 11 12 14 16 18 20
539 9 1 2 5 6 7 10 15 19 20
557 9 3 5 9 10 11 13 14 16 20
690 9 1 2 4 6 9 12 13 17 20
653 6 4 10 11 17 18 20
595 8 5 9 13 15 17 18 19 20
711 15 1 2 3 5 7 9 10 11 15 16 18 19 20 23 25
697 7 7 11 14 21 23 24 25
809 11 1 3 4 7 8 10 11 18 23 24 25
875 14 2 4 6 8 13 14 15 16 17 20 22 23 24 25
779 10 1 2 4 5 11 14 15 16 19 25
734 10 1 3 6 11 12 15 18 20 24 25
824 12 1 3 5 8 12 14 17 20 21 22 24 25
759 11 2 4 5 6 7 14 15 19 21 22 25
827 12 1 4 6 9 13 14 17 18 20 22 24 25
732 9 4 8 10 11 12 13 16 18 25
1024 12 7 8 10 12 18 19 21 23 24 25 26 30
1074 13 1 2 7 9 10 12 16 20 21 22 25 26 30
964 11 1 6 9 10 11 13 15 23 24 25 30
950 10 5 10 11 13 14 16 20 23 27 30
975 15 2 3 4 8 9 11 13 17 19 20 22 23 25 26 30
1106 11 4 6 12 14 20 21 24 25 26 28 30
905 11 3 8 11 13 15 18 19 23 28 29 30
1066 18 2 4 5 7 8 10 12 14 15 17 18 20 21 22 23 24 27 30
718 13 4 5 7 10 11 13 17 20 23 24 25 28 30
1054 13 5 7 9 13 18 21 23 24 25 27 28 29 30
1093 16 1 2 5 7 12 14 20 22 24 25 26 27 29 32 34 35
917 17 3 5 6 7 8 10 13 14 15 17 19 22 24 26 29 31 35
1201 18 3 7 8 10 12 16 17 18 20 22 24 25 27 28 29 31 32 35
1187 13 1 2 6 9 10 11 13 14 18 22 24 28 35
1054 15 1 2 3 4 8 15 20 21 24 25 26 30 33 34 35
1238 16 1 5 6 7 11 15 18 19 21 23 26 29 30 31 33 35
1014 13 2 3 10 12 14 17 20 25 26 27 29 34 35
900 16 4 6 7 9 11 13 14 18 19 23 24 26 30 31 32 35
1155 14 1 3 5 8 10 11 12 17 25 26 31 32 34 35
892 17 2 4 7 9 11 14 16 19 20 21 23 24 26 27 29 32 35
1238 19 2 4 6 7 9 10 11 12 18 19 20 22 23 27 31 32 34 37 40
1237 17 1 2 3 4 6 7 10 14 15 22 26 30 33 34 37 39 40
1235 18 2 7 8 11 13 15 16 21 22 25 26 28 30 31 34 36 39 40
1418 16 1 2 6 7 8 12 13 14 17 18 26 30 34 35 38 40
1118 18 2 3 6 7 10 11 12 15 22 24 26 28 30 32 35 37 38 40
1159 13 4 7 8 17 19 20 23 26 27 31 34 37 40
1147 13 4 12 14 16 21 23 26 27 28 31 32 37 40
1237 22 3 4 6 7 8 11 12 14 17 18 20 21 24 26 27 33 35 36 37 38 39 40
1076 15 1 4 8 11 16 19 21 25 27 30 32 35 36 37 40
1142 21 1 2 4 8 9 11 13 14 16 17 18 20 24 28 31 33 34 36 38 39 40
1545 18 1 7 9 10 11 12 15 17 19 20 22 26 31 33 36 38 44 45
1465 19 3 6 8 9 11 13 18 20 21 23 26 27 33 36 38 41 43 44 45
1426 21 1 2 4 5 7 8 13 15 16 21 23 26 28 29 34 36 37 39 41 42 45
1407 20 4 5 6 8 9 14 18 19 21 22 25 27 28 30 31 39 40 43 44 45
1554 14 5 13 14 15 17 21 28 32 35 36 39 41 43 45
1228 19 3 4 5 7 9 14 16 21 25 26 29 30 31 34 36 39 41 42 45
1337 21 5 7 11 13 14 17 25 26 27 30 31 34 35 36 37 39 40 42 43 44 45
1448 21 1 2 5 8 13 14 17 18 19 25 26 27 29 33 34 37 38 41 42 44 45
1209 20 1 2 4 14 15 18 21 24 27 30 33 35 36 38 39 41 42 43 44 45
1293 19 1 2 3 4 5 8 9 14 15 17 19 21 26 27 34 38 40 44 45
1460 19 1 3 5 9 11 12 13 14 21 22 27 28 30 35 43 44 46 48 50
1534 25 1 2 3 4 5 7 8 10 12 14 16 17 18 20 23 26 28 31 33 37 39 40 47 49 50
1786 24 2 3 6 8 9 11 13 15 17 19 23 25 27 28 30 33 36 37 38 42 44 45 48 50
1585 21 3 6 8 11 13 16 22 28 30 31 34 37 38 42 43 44 45 46 47 48 50
1570 24 5 7 8 10 12 17 21 22 24 25 27 28 29 30 31 34 38 39 42 43 44 48 49 50
1467 17 1 5 6 7 15 21 25 29 30 34 41 42 44 46 47 48 50
1387 20 1 5 9 14 19 20 23 24 26 29 31 32 35 39 40 43 46 47 49 50
1326 26 1 2 3 4 6 8 13 14 15 19 22 23 25 26 27 30 32 34 36 37 38 42 46 48 49 50
1146 25 1 3 4 7 11 12 16 18 19 20 22 23 24 25 28 30 32 33 36 39 43 45 47 49 50
1313 24 1 3 4 5 6 7 8 11 12 13 15 18 20 23 24 31 32 37 39 45 46 48 49 50
1346 29 1 4 6 7 9 12 13 14 16 17 20 21 25 27 28 29 30 31 34 35 36 37 39 42 47 48 53 54 55
1812 20 2 4 7 10 11 12 14 16 19 22 23 25 26 28 33 35 42 48 52 55
1823 24 1 3 4 7 10 15 16 17 24 25 27 28 33 35 37 38 42 44 47 48 51 52 53 55
1742 25 5 7 8 10 11 14 16 19 20 23 25 26 28 31 33 34 36 37 41 42 44 46 48 50 55
1492 25 2 4 6 8 9 12 13 14 16 17 19 21 27 31 35 38 39 43 46 49 50 51 53 54 55
1839 21 2 5 6 8 9 11 13 17 18 22 25 28 29 31 34 36 37 44 48 54 55
1823 27 2 5 6 8 11 12 13 15 17 20 22 26 28 29 30 34 35 37 40 41 42 44 48 51 52 54 55
1899 23 3 7 9 10 13 14 15 16 17 19 25 28 32 37 40 41 43 44 46 48 51 52 55
1455 23 1 8 13 19 20 21 23 24 25 26 28 32 36 37 39 40 43 46 47 49 50 53 55
1742 28 2 7 8 9 10 11 12 13 14 15 16 18 23 28 29 30 31 33 35 36 38 39 43 45 47 52 54 55
1730 27 2 6 10 15 16 18 23 25 28 30 31 33 34 37 39 40 42 43 46 47 48 52 53 55 57 58 60
1930 22 3 4 6 13 14 18 20 23 25 26 30 33 36 38 42 45 53 55 56 58 59 60
1841 19 6 12 14 17 19 26 27 28 33 34 41 42 49 50 51 53 57 59 60
1791 22 1 4 7 9 14 18 20 25 29 31 32 33 36 38 41 42 47 52 53 56 58 60
1909 26 1 5 6 7 14 15 16 18 24 27 29 31 32 35 38 39 41 43 44 45 48 49 51 54 56 60
1437 34 1 2 4 5 6 9 12 16 17 20 21 22 23 24 26 27 28 29 33 34 38 41 43 45 46 47 48 50 51 53 55 56 59 60
1785 26 2 3 6 11 13 14 16 21 24 25 27 28 29 32 33 35 37 44 46 47 51 54 55 57 59 60
1464 26 2 3 4 8 10 11 13 18 19 22 23 25 28 30 33 34 37 39 43 47 48 49 51 55 59 60
1651 26 1 2 3 5 9 12 13 14 19 21 23 24 25 27 31 32 33 40 43 49 51 54 55 56 59 60
1776 28 3 6 7 10 15 16 17 21 22 25 30 33 34 36 38 40 41 42 47 48 49 50 53 54 55 56 59 60
2109 28 1 3 4 5 8 10 12 14 17 19 23 24 30 34 36 39 40 42 44 47 50 52 55 56 57 60 63 65
2045 24 3 4 8 13 19 20 23 26 27 30 32 33 34 36 37 42 43 45 52 54 55 61 63 65
2031 27 1 7 8 10 12 14 15 16 18 21 27 29 30 32 39 40 41 44 51 52 56 57 58 59 62 63 65
2032 27 1 3 6 8 11 12 15 19 20 22 24 25 26 30 34 37 39 40 44 45 52 53 56 60 62 63 65
2260 30 5 8 10 11 13 16 18 19 22 26 29 30 32 34 36 37 41 43 45 47 48 49 51 52 54 55 58 62 63 65
1972 28 3 5 9 13 17 18 21 22 23 25 26 31 33 35 36 39 42 44 45 46 48 50 53 55 59 60 64 65
1949 33 1 2 4 5 6 10 12 15 18 19 22 26 27 28 29 30 31 32 35 36 38 42 44 46 50 51 52 55 56 62 63 64 65
1583 26 4 8 10 12 15 17 20 23 25 28 30 34 35 39 41 42 43 45 47 49 50 57 61 62 64 65
2121 26 2 10 11 12 21 23 24 25 27 31 32 34 35 37 38 41 42 45 49 51 53 55 60 62 63 65
2026 22 1 5 8 13 15 16 19 28 30 32 33 34 37 44 47 48 52 56 62 63 64 65
1838 37 1 2 5 9 10 16 17 20 21 23 24 25 26 27 29 31 32 33 35 37 39 41 44 47 49 52 54 58 59 60 61 63 65 66 68 69 70
1950 34 1 2 3 7 9 12 13 15 16 18 20 22 24 25 29 31 32 35 36 40 43 44 46 47 50 53 55 56 63 64 65 66 68 70
2338 31 1 3 4 6 7 9 13 14 16 21 25 26 32 34 36 40 43 45 46 47 48 50 51 52 57 58 59 63 65 69 70
2135 30 3 6 7 8 11 12 14 18 20 21 23 29 31 34 36 38 41 43 46 47 51 53 57 61 63 65 66 67 69 70
2058 37 1 3 8 9 10 15 16 17 18 19 20 23 26 28 29 31 33 35 37 40 41 43 44 47 48 50 51 53 54 57 59 60 63 67 68 69 70
2185 28 1 3 7 8 10 14 18 19 20 21 22 24 25 29 30 33 35 36 46 48 53 54 55 56 57 58 65 70
2231 29 1 5 8 10 11 13 14 18 19 21 23 25 28 40 41 42 43 46 47 51 52 55 58 59 60 62 67 69 70
2331 39 1 3 5 6 8 12 14 16 18 21 23 24 28 29 30 33 35 37 38 41 42 44 45 47 48 49 50 53 55 56 59 60 61 62 63 66 68 69 70
2047 25 3 9 13 15 16 24 25 29 33 34 36 41 42 43 45 49 53 54 56 58 61 63 67 69 70
1997 34 1 2 4 9 10 12 13 18 20 21 23 26 27 29 30 32 36 37 39 41 43 45 46 47 48 53 56 61 62 63 66 68 69 70
2161 28 3 9 10 13 14 18 19 23 26 27 28 36 37 39 40 42 43 48 50 56 58 59 62 63 66 71 72 75
2284 34 1 2 3 4 5 7 10 11 13 14 17 19 24 25 26 34 35 39 40 41 42 47 50 52 53 57 60 61 63 64 70 73 74 75
2404 36 1 3 8 9 10 12 13 14 16 17 18 20 21 22 23 25 26 28 29 31 32 40 41 43 46 49 52 54 55 61 63 66 70 72 73 75
2407 32 1 2 3 7 8 10 12 14 17 18 20 22 24 25 28 30 36 38 39 41 43 44 47 49 50 53 56 57 60 63 65 75
2402 35 1 4 6 8 9 10 11 13 16 17 20 21 23 27 29 30 32 36 40 42 43 46 47 51 52 53 55 57 60 62 65 71 72 74 75
2188 34 1 2 4 5 11 16 17 20 23 26 28 30 32 35 38 39 42 45 46 47 51 52 55 56 57 59 61 63 67 68 69 71 74 75
2260 35 1 2 5 9 10 13 17 19 23 26 27 33 35 36 39 41 42 43 45 48 51 53 55 58 60 62 63 65 66 67 69 71 72 74 75
2367 37 3 5 7 11 15 18 20 22 23 26 30 31 32 34 38 39 42 43 44 46 47 50 51 52 53 55 59 61 62 63 64 65 67 69 71 73 75
2442 32 1 2 10 14 15 16 19 20 21 22 24 25 27 28 30 34 36 39 43 48 50 52 54 58 59 61 62 63 66 69 74 75
2010 36 4 6 7 8 10 11 12 14 15 18 20 25 28 30 33 34 35 39 41 42 43 44 46 47 53 54 58 60 62 65 66 69 72 73 74 75
2541 38 4 6 10 13 14 17 18 19 20 23 24 25 26 29 33 35 37 41 43 44 46 47 52 53 57 58 59 61 63 66 67 69 70 75 77 78 79 80
2573 32 4 5 6 7 11 12 14 17 21 25 26 31 34 38 39 42 45 46 49 51 54 56 59 62 67 70 72 74 75 77 79 80
2243 33 1 2 6 7 15 18 20 21 25 28 31 32 34 35 38 43 46 48 49 50 53 54 55 59 60 61 63 68 69 71 75 78 80
2414 31 3 5 8 9 10 17 18 22 24 26 28 31 32 35 41 42 49 52 53 54 55 57 58 60 61 63 65 69 74 75 80
2619 37 2 3 4 5 11 13 14 15 18 20 21 22 23 24 27 28 29 31 33 35 42 50 51 56 58 61 63 64 65 67 72 74 76 77 78 79 80
2857 43 1 3 4 7 8 10 13 14 17 18 19 20 21 23 25 27 29 30 31 32 38 39 42 44 45 50 51 52 54 57 58 62 63 67 70 71 72 73 74 75 78 79 80
2630 33 1 5 8 9 10 16 20 22 25 26 27 30 34 36 38 40 41 42 50 52 54 58 61 63 64 67 68 69 71 76 78 79 80
2292 39 4 6 8 9 11 12 13 16 18 20 22 24 27 31 33 36 39 40 41 42 43 45 47 48 52 56 58 59 60 63 64 66 67 70 71 73 78 79 80
2785 37 4 5 6 8 10 11 12 17 21 24 25 29 30 31 35 41 43 45 46 48 50 51 54 56 58 59 62 63 65 67 68 70 72 73 75 76 80
2348 41 2 3 5 7 9 10 11 13 15 16 17 19 20 23 25 29 32 33 35 36 39 40 41 44 45 46 51 53 55 57 58 62 64 65 68 69 71 73 75 77 80
2962 42 1 3 4 5 8 9 10 12 13 14 15 19 20 21 24 25 27 30 31 34 36 37 38 43 44 46 48 51 54 59 62 63 64 66 70 71 76 77 80 81 82 85
2500 39 1 2 4 6 10 12 13 14 15 16 17 19 23 26 28 31 35 37 38 40 42 47 50 53 54 55 56 62 65 67 71 72 73 75 77 80 82 84 85
2557 38 2 4 7 9 10 11 12 14 15 19 20 21 22 25 27 28 32 35 36 41 46 49 50 54 56 59 64 66 68 71 72 74 76 77 80 81 84 85
2298 37 1 4 5 7 8 9 10 15 17 21 23 25 28 30 33 34 39 45 46 47 48 50 52 53 54 55 60 61 63 67 70 74 75 76 80 81 85
2683 35 1 2 4 5 8 9 10 16 17 18 19 21 23 24 25 27 28 31 35 36 40 43 44 46 47 51 56 59 60 64 73 76 78 83 85
2314 42 2 4 8 9 10 11 14 16 21 26 30 33 35 39 40 41 42 43 45 48 49 50 51 53 55 56 57 58 59 60 61 69 70 73 74 75 77 78 80 82 83 85
2348 37 1 2 3 4 5 6 9 13 15 21 22 23 24 27 28 33 34 35 41 43 44 50 51 53 54 56 59 62 66 70 73 74 75 76 79 80 85
2903 37 2 3 4 5 9 10 11 12 14 16 18 21 29 30 31 33 37 38 39 44 46 48 52 55 58 61 63 64 67 68 71 73 75 78 80 82 85
2506 35 5 6 10 11 12 14 18 20 21 23 25 28 29 34 35 40 44 45 47 48 52 53 55 60 61 65 66 70 72 73 76 77 81 84 85
2765 34 6 8 9 11 13 18 19 22 27 31 33 36 40 42 43 44 45 47 52 55 57 58 60 63 64 66 68 71 75 76 78 79 81 85
2751 42 2 3 4 5 7 10 12 14 16 19 20 22 26 27 29 33 36 37 38 43 45 48 51 52 54 58 61 62 65 66 68 69 70 71 73 79 80 82 84 86 89 90
2928 35 4 6 11 12 13 16 17 20 23 25 30 31 33 36 38 39 40 42 46 47 50 55 56 60 62 63 66 68 70 73 74 78 81 84 90
2612 39 2 3 8 10 12 15 16 17 19 20 21 26 33 34 36 39 40 41 44 47 53 54 57 59 60 63 65 66 67 69 70 71 72 75 76 82 87 89 90
2875 44 1 2 4 6 9 11 13 14 15 17 19 20 21 23 29 35 36 39 40 41 45 46 47 49 50 51 53 55 56 57 58 61 67 68 69 71 72 73 76 77 82 84 85 90
2627 39 6 10 11 16 18 19 21 23 24 25 29 31 33 34 35 36 37 43 45 48 55 56 59 61 62 64 65 66 68 69 71 75 77 80 83 84 87 88 90
2567 42 1 3 4 5 6 7 8 10 11 12 14 15 16 19 21 22 26 28 29 30 31 32 34 39 40 41 46 50 52 53 60 64 65 66 72 79 80 81 83 88 89 90
3012 42 1 6 10 11 12 13 14 16 17 18 21 25 26 27 29 31 34 35 40 43 44 46 47 51 54 55 56 57 60 61 63 65 66 71 74 75 78 81 82 86 88 90
2813 37 4 5 12 14 18 20 22 23 28 33 36 37 38 43 45 46 50 56 57 58 60 61 65 68 72 73 76 77 78 79 80 82 84 86 88 89 90
2735 37 3 5 8 12 13 17 18 21 22 24 25 27 28 29 33 35 37 40 41 42 43 47 53 54 59 61 62 65 71 73 75 78 85 86 87 89 90
2843 37 1 2 4 5 13 15 17 20 21 22 25 27 28 33 34 37 39 44 47 50 53 55 56 60 62 65 66 69 70 72 74 75 76 81 83 88 90
2812 44 2 3 6 9 10 16 17 19 21 22 23 27 34 35 37 40 43 48 50 53 54 56 57 58 59 60 62 63 67 68 71 73 75 76 77 78 79 82 86 87 89 90 93 95
3069 43 4 7 8 10 11 14 16 21 22 24 26 27 31 33 34 35 37 40 41 42 45 46 48 49 51 57 62 67 70 72 74 78 79 80 81 82 84 87 88 89 90 93 95
3208 41 1 3 7 9 14 15 18 19 21 22 23 24 29 30 31 33 37 39 43 44 47 48 51 55 58 62 67 68 72 73 75 78 79 80 82 85 89 90 92 94 95
3233 44 1 4 7 9 11 12 13 17 18 20 23 25 27 28 29 30 34 36 37 40 41 42 44 49 50 52 55 61 63 64 65 68 69 70 72 74 76 81 83 85 87 89 90 95
2831 42 1 4 6 9 14 16 18 19 25 26 28 29 35 41 42 43 44 45 48 49 50 52 56 57 59 61 62 64 65 68 70 73 74 76 80 81 82 83 86 89 90 95
3013 37 2 6 7 9 14 16 22 23 25 28 30 36 38 40 43 48 50 52 54 59 60 61 64 65 67 69 70 73 76 77 80 83 86 89 91 94 95
3091 42 1 2 5 7 8 12 13 17 21 24 25 26 30 33 36 38 39 40 44 45 46 47 52 53 57 61 62 69 73 76 79 80 81 82 83 86 87 88 89 92 94 95
2801 43 4 5 6 8 9 10 12 15 20 24 27 30 32 34 35 36 39 40 42 44 45 52 55 58 60 61 67 68 70 71 73 74 75 77 78 79 80 83 85 88 90 93 95
3185 40 1 2 3 5 9 10 12 13 16 17 24 28 30 35 37 39 41 42 44 45 46 48 50 51 52 53 54 56 61 67 72 74 80 82 85 86 90 93 94 95
3225 47 4 7 9 13 17 19 23 24 25 26 29 31 32 35 36 39 40 41 42 44 47 51 52 53 57 58 60 61 62 65 66 68 70 71 73 76 78 79 80 84 85 86 88 89 91 94 95
2977 44 2 4 7 9 10 18 20 22 27 28 30 33 34 36 37 42 45 46 48 51 52 58 60 61 63 66 74 75 76 78 80 82 84 86 87 89 90 92 93 95 97 98 99 100
3312 42 5 9 11 13 15 19 20 23 26 27 28 30 35 39 45 47 48 50 52 53 54 57 63 68 70 73 74 78 79 80 81 84 85 87 88 89 90 92 93 94 95 100
3301 46 1 5 6 8 14 15 17 20 21 23 25 30 31 32 34 37 38 40 41 44 46 48 51 52 53 56 60 61 63 65 66 69 73 74 75 78 82 86 87 89 90 91 92 95 99 100
3001 47 3 5 7 8 10 12 13 14 15 17 18 20 26 29 32 34 35 38 39 41 42 45 48 51 52 54 57 61 63 66 68 70 74 76 78 79 81 86 87 89 90 91 92 94 95 98 100
3094 46 1 2 4 6 8 9 11 16 17 20 23 24 26 27 29 30 33 35 36 41 43 46 50 51 54 61 62 65 66 67 68 71 73 75 77 78 80 82 86 87 90 91 92 96 98 100
2757 46 4 9 12 13 15 18 19 20 22 23 25 27 29 31 33 34 38 39 41 44 45 49 52 56 57 58 61 65 66 69 72 73 76 77 78 81 82 83 84 86 87 88 91 94 98 100
2964 41 1 3 9 12 14 15 18 19 21 22 24 25 26 28 29 32 33 35 36 44 46 47 50 51 52 55 57 61 67 68 72 73 76 77 82 84 86 88 90 94 100
2753 47 4 6 7 11 12 15 18 21 22 26 28 31 32 33 34 36 37 39 41 42 46 48 51 54 55 58 60 61 63 64 67 68 70 72 77 78 80 81 82 84 87 90 94 95 98 99 100
3315 44 1 2 4 8 10 13 15 16 18 21 26 27 28 29 35 42 46 47 48 50 51 52 55 57 58 62 64 67 68 71 74 76 78 82 83 85 86 88 90 93 96 98 99 100
3043 38 1 3 4 6 7 15 20 21 22 26 29 32 33 34 36 37 38 41 43 44 46 51 53 60 62 63 65 68 69 70 73 78 81 83 87 91 92 100
3129 45 1 4 6 7 10 12 15 20 21 24 25 28 31 32 38 41 45 46 47 51 52 53 58 61 62 63 67 68 70 74 78 79 80 82 84 85 88 95 98 99 100 101 103 104 105
2864 55 1 2 3 5 8 10 15 16 19 22 24 26 28 31 34 36 37 40 41 43 44 45 46 47 49 50 52 58 59 60 61 62 63 64 65 67 68 69 71 74 75 82 83 88 89 92 93 95 97 98 99 101 102 103 105
3133 47 1 6 9 10 17 18 19 25 27 28 29 30 33 34 37 38 40 41 42 43 44 48 50 53 54 57 60 61 63 66 67 68 73 75 76 77 78 79 82 88 89 90 91 95 98 100 105
3254 41 3 5 8 9 11 12 14 16 17 23 25 28 33 36 37 45 46 48 49 50 54 58 60 62 70 71 75 76 77 80 82 83 88 92 94 97 99 101 102 103 105
3250 43 3 4 6 8 12 16 20 22 23 26 27 29 32 34 37 40 41 42 43 45 47 48 50 55 57 59 60 62 63 69 73 74 82 83 86 87 88 90 93 94 98 102 105
3001 47 2 3 4 12 14 15 16 18 21 24 25 27 29 30 32 34 35 37 40 42 47 48 50 51 52 55 62 66 67 70 71 74 75 77 79 80 88 91 92 94 95 98 101 102 103 104 105
3388 45 2 4 5 6 8 13 14 15 16 17 21 22 29 31 32 34 36 41 43 44 50 59 60 61 65 66 67 68 70 71 72 74 77 78 79 82 84 87 89 94 95 96 100 103 105
3351 46 4 5 6 10 11 12 16 18 22 23 25 27 28 29 35 38 39 40 42 43 44 45 48 49 50 51 55 56 60 65 67 68 72 77 78 82 83 85 90 91 97 98 99 101 102 105
3060 45 4 5 8 10 13 17 18 19 21 23 27 29 30 34 39 40 43 44 46 47 48 52 57 59 60 63 64 66 67 74 75 76 81 83 84 86 90 92 93 95 98 102 103 104 105
3094 47 1 5 8 9 10 11 12 15 16 19 21 22 26 27 30 34 35 36 37 39 43 44 45 47 58 61 62 63 64 65 67 75 76 77 79 80 81 84 85 87 88 90 91 94 95 100 105
3537 50 3 5 6 8 10 11 12 14 16 17 23 24 28 29 32 34 35 36 37 38 41 42 47 48 52 59 61 63 66 68 69 71 72 74 75 77 81 82 83 88 89 90 91 94 96 99 101 102 106 110
3360 45 3 4 10 12 13 14 15 16 17 20 30 34 38 40 42 43 44 47 48 52 53 54 55 56 57 62 65 66 68 73 75 76 79 81 86 91 93 96 97 100 102 105 107 108 110
3484 48 1 4 6 7 8 9 13 14 16 17 19 20 27 28 31 32 33 35 38 40 41 47 48 50 51 56 57 63 66 67 70 72 76 81 85 87 88 89 90 92 94 97 98 99 102 105 107 110
3106 49 1 5 7 8 11 14 19 21 22 23 24 26 27 30 33 35 37 39 40 46 48 49 52 53 54 55 56 58 59 60 61 63 65 67 68 71 72 73 80 81 87 89 93 95 98 101 104 109 110
3356 48 1 3 4 5 9 12 15 17 19 20 24 27 30 31 36 38 41 43 47 48 50 55 56 58 60 61 62 63 64 67 69 73 74 75 78 79 81 82 84 87 92 94 95 96 101 105 106 110
3097 54 3 4 5 7 8 9 11 14 15 19 21 23 24 25 26 29 31 32 37 40 41 42 45 46 47 50 51 53 57 61 62 64 69 71 76 77 79 81 83 84 87 88 89 91 94 96 97 99 101 103 106 107 108 110
3348 42 1 6 9 11 12 15 17 19 20 21 26 27 29 30 34 38 40 42 44 49 52 54 57 61 67 68 72 79 81 83 85 87 89 95 97 98 99 100 102 107 109 110
3266 47 1 4 7 9 11 12 14 16 17 22 28 30 31 33 38 41 42 44 47 49 50 53 55 58 65 66 68 71 72 75 81 82 86 88 89 92 93 94 96 99 101 102 103 104 107 108 110
3495 52 1 3 4 6 9 10 11 13 16 19 22 23 24 27 30 34 35 36 39 40 41 42 43 44 45 47 48 49 55 56 60 63 64 69 70 71 74 76 79 81 83 84 87 88 91 94 100 102 103 107 109 110
3201 49 1 2 3 5 11 13 19 21 22 23 27 28 30 31 34 35 39 41 42 43 44 46 47 48 49 52 55 56 61 67 70 75 76 80 82 84 86 87 90 93 95 96 97 98 100 105 106 108 110
3556 60 1 3 5 7 8 9 11 12 13 15 16 17 18 21 24 26 28 31 32 35 37 38 39 41 42 44 46 47 50 51 56 59 64 66 68 69 72 73 74 75 77 78 79 80 81 82 85 87 90 93 94 98 99 101 104 106 108 112 114 115
3695 52 5 8 9 10 12 15 17 19 20 23 24 25 28 32 33 37 38 39 44 47 51 53 54 56 58 59 60 63 64 66 67 70 71 72 73 75 77 78 82 84 88 96 97 99 100 105 107 109 110 112 113 115
3600 56 4 6 11 12 14 15 18 19 21 24 25 26 29 30 38 39 41 42 44 46 48 50 52 53 54 58 59 60 65 67 70 71 72 74 75 76 77 79 80 82 84 86 87 93 95 98 99 101 102 103 104 106 110 113 114 115
3577 47 2 3 5 7 9 12 16 20 23 25 27 30 32 36 37 38 39 41 44 45 48 49 50 52 53 55 58 60 61 66 69 70 72 74 79 84 87 88 90 91 93 97 104 106 111 112 115
3416 55 1 3 6 7 9 13 15 16 19 21 24 28 29 33 37 38 39 41 43 45 46 50 51 53 54 57 59 61 65 66 68 69 70 73 80 82 83 85 87 88 89 90 92 93 96 98 100 102 104 107 108 111 112 114 115
3746 46 3 5 12 13 14 16 20 26 28 30 31 33 38 42 44 45 47 49 50 51 53 54 55 59 61 64 65 70 71 72 74 78 79 80 82 85 89 93 96 102 104 107 108 110 112 115
3831 56 4 5 7 10 11 13 18 20 22 23 25 26 28 30 31 33 37 38 41 42 45 47 48 50 55 56 57 61 62 64 66 68 69 70 71 75 77 78 80 83 84 86 91 92 95 96 97 98 99 103 104 105 107 111 114 115
3165 61 4 5 6 8 9 11 14 16 17 18 19 20 22 23 24 25 28 30 31 33 36 37 38 40 41 43 46 47 48 49 53 55 56 58 60 66 67 70 71 74 75 78 80 82 83 84 86 87 90 95 97 98 103 104 107 108 109 110 111 112 115
3867 39 3 6 10 12 13 14 16 18 20 24 30 32 33 37 39 42 43 50 53 55 57 58 64 68 73 76 77 78 84 87 90 94 96 99 102 103 104 109 115
3939 50 1 4 8 9 10 11 12 15 18 22 23 28 29 30 33 40 41 43 44 46 48 50 51 52 55 57 59 62 65 66 67 70 73 75 78 82 83 84 88 89 90 91 95 97 103 104 106 110 114 115
3253 54 3 4 7 8 10 13 15 16 21 23 24 29 32 34 40 45 47 49 50 52 53 57 59 61 65 67 68 69 71 73 75 77 78 80 81 84 85 89 92 94 96 98 99 102 105 106 108 109 110 112 113 115 116 120
3391 54 1 3 7 8 10 11 12 13 14 16 17 18 20 21 26 29 32 34 37 39 40 44 47 53 55 56 60 64 66 68 70 74 75 77 80 81 83 87 88 90 91 93 96 98 100 102 106 107 108 110 111 113 116 120
3544 61 1 4 7 8 11 13 14 23 26 28 30 31 32 34 35 36 38 39 42 43 44 46 47 48 50 52 54 55 56 59 60 61 62 63 68 69 70 71 75 76 78 81 82 83 86 87 88 91 95 96 100 107 109 110 112 113 114 117 118 119 120
3863 50 8 13 17 20 21 23 24 25 26 27 29 33 34 37 38 39 43 44 46 48 50 51 53 57 58 59 61 62 67 68 70 76 78 81 83 86 91 95 100 101 102 103 105 106 107 113 114 116 117 120
3636 61 1 4 6 9 10 11 12 15 16 18 19 20 23 24 25 27 30 31 32 39 40 41 42 45 48 50 57 58 61 63 65 66 70 72 75 76 78 79 80 82 83 84 86 87 88 92 93 95 97 98 102 103 106 111 112 114 115 116 117 119 120
3929 51 3 8 9 11 13 16 18 21 22 25 27 29 30 33 35 37 40 41 43 44 50 52 55 57 59 60 61 65 68 71 72 74 76 77 82 84 86 87 93 94 95 97 99 103 106 110 112 115 117 118 120
3898 57 4 7 8 9 13 15 17 18 20 21 22 23 26 27 28 29 31 34 35 37 38 39 40 43 47 50 53 56 57 58 59 61 63 64 66 69 71 72 74 75 76 79 80 83 87 88 92 93 95 98 103 109 113 114 115 116 120
3677 56 1 2 3 5 6 7 11 13 14 18 20 23 24 28 29 31 32 34 35 36 40 43 44 45 49 50 51 52 54 58 60 61 66 70 71 75 76 79 82 83 85 86 87 91 96 101 102 105 106 109 111 112 113 115 118 120
3500 51 5 7 9 10 12 13 17 18 21 24 25 26 30 31 33 35 38 40 45 49 52 53 56 59 60 64 68 72 73 75 76 78 79 80 84 86 88 89 90 91 93 94 97 100 103 106 108 109 114 118 120
3622 51 2 4 6 8 12 16 18 19 21 23 27 31 32 34 35 38 42 44 46 47 49 53 54 59 60 64 66 69 72 75 76 80 82 87 88 90 92 93 94 96 100 101 103 107 109 110 111 116 117 119 120
3706 55 1 6 7 9 10 15 19 24 26 28 29 32 34 35 36 38 40 41 42 43 44 46 47 49 51 54 57 60 62 66 69 74 77 80 83 86 89 91 92 94 98 99 100 102 103 104 105 107 108 111 116 119 122 123 125
3547 49 1 2 4 7 12 14 16 17 21 25 30 32 36 38 43 44 45 47 48 49 52 57 58 62 63 64 70 72 77 80 81 82 84 87 89 90 92 93 97 98 102 109 111 112 113 116 118 119 125
3882 48 3 4 5 7 9 11 20 21 23 26 30 31 32 33 36 37 38 44 47 53 55 57 58 61 67 68 70 72 77 79 84 86 89 90 92 93 98 101 103 104 106 110 112 113 118 119 124 125
3749 55 3 5 8 9 10 15 16 18 21 24 28 29 34 36 37 38 40 42 44 48 51 52 57 59 62 63 65 69 70 71 72 74 79 80 83 86 90 92 96 99 101 102 106 107 108 110 111 112 114 115 117 119 121 124 125
3478 59 1 3 4 5 9 11 12 13 14 19 22 23 24 27 28 32 35 37 38 40 43 46 49 52 56 57 59 60 61 62 64 70 71 74 76 81 82 84 87 88 89 92 93 94 98 99 101 104 105 106 109 110 114 115 117 120 121 123 125
3954 53 1 3 5 6 12 15 18 19 22 23 25 27 28 29 31 32 33 34 37 39 40 43 45 51 53 57 60 62 63 66 72 73 75 76 81 89 90 91 95 97 99 100 102 104 106 109 113 114 115 116 123 124 125
3728 58 1 2 4 8 10 12 13 15 17 21 23 24 25 30 32 39 40 41 44 46 49 55 56 58 59 60 62 64 66 67 68 69 71 72 74 75 76 77 80 83 84 89 91 92 94 99 100 101 103 106 107 111 112 113 118 119 120 125
3945 54 1 3 4 7 11 13 15 20 21 22 23 24 25 29 30 31 34 36 38 40 41 44 48 54 55 56 58 63 66 68 71 73 75 77 79 80 84 86 87 90 92 94 96 98 102 103 105 110 111 114 115 117 118 125
3746 58 2 6 9 10 11 12 14 17 20 23 24 27 30 33 35 36 39 40 41 42 43 48 49 52 53 56 61 65 66 68 71 73 74 78 79 80 81 82 85 88 89 90 93 94 96 99 100 102 105 106 109 111 115 116 117 120 124 125
3886 56 1 6 9 12 14 16 18 20 24 25 26 28 29 32 33 35 38 39 40 43 44 47 48 50 54 59 60 64 66 69 70 71 72 73 76 77 78 80 82 83 84 90 91 92 94 96 98 101 107 110 112 113 119 120 122 125
4217 61 1 2 5 7 9 10 11 13 14 16 17 18 20 22 24 25 28 29 31 33 35 38 40 43 45 47 54 56 58 59 61 63 65 67 68 72 74 75 77 81 84 88 94 96 99 103 104 106 107 108 110 112 113 115 120 123 125 126 127 128 130
3952 53 2 5 8 9 15 16 18 20 21 22 25 26 29 32 33 35 37 41 42 44 45 50 52 53 55 58 60 62 63 64 65 70 72 75 76 78 80 84 88 89 94 96 102 105 106 108 109 113 115 120 125 127 130
4053 58 1 2 4 9 12 15 16 18 19 22 26 28 31 33 36 39 40 42 43 44 52 55 56 57 59 60 62 65 69 70 71 76 77 81 82 83 85 86 87 91 92 93 97 98 101 103 105 106 107 109 110 113 117 119 120 121 125 130
4058 58 4 6 7 10 11 13 15 16 17 18 20 22 24 26 27 28 32 33 36 38 40 42 43 49 50 51 53 55 57 60 63 69 70 71 73 75 77 80 84 85 87 90 91 92 97 98 101 102 105 109 117 118 120 121 122 128 129 130
4051 53 1 3 5 7 8 15 16 17 19 20 22 23 24 27 28 34 35 36 44 48 49 52 54 56 57 58 61 65 66 71 72 77 78 79 81 82 83 89 93 97 99 101 103 109 112 113 117 119 124 125 126 127 130
3721 61 1 2 4 6 8 12 13 14 17 20 21 25 26 30 32 33 34 36 37 39 42 44 45 48 50 53 55 56 57 58 63 64 69 70 72 74 76 77 79 81 82 83 87 89 91 93 94 97 100 103 106 107 109 111 115 117 120 123 125 127 130
3807 58 2 4 5 7 8 11 13 16 18 22 25 26 30 31 32 34 36 38 39 43 44 46 48 49 50 52 53 56 58 59 60 63 65 66 69 72 76 77 79 82 83 86 89 91 94 97 99 101 105 107 111 113 115 123 124 125 127 130
3738 60 3 4 5 8 10 12 16 19 20 23 25 26 28 30 31 32 37 41 42 43 48 49 51 52 53 55 56 57 60 63 64 68 69 70 74 77 79 83 85 87 89 90 91 94 95 98 100 103 105 107 111 113 114 115 117 121 124 127 128 130
3716 64 3 6 7 8 13 15 16 17 20 21 22 23 26 27 30 31 33 38 42 43 46 47 49 50 52 55 56 58 59 60 62 65 66 68 69 71 73 74 77 78 81 82 83 84 86 89 90 95 98 100 101 102 106 107 109 110 114 117 118 121 125 126 129 130
4274 57 2 3 5 13 16 18 20 24 25 29 31 34 36 37 39 40 42 45 47 48 50 54 56 57 60 61 62 65 67 68 69 70 73 79 83 86 87 88 89 92 94 95 98 100 102 105 107 108 111 113 114 115 120 122 127 129 130
4517 55 6 9 10 13 17 21 24 27 30 31 32 35 37 39 42 44 45 46 49 54 57 59 61 62 63 65 66 67 68 70 71 73 74 76 80 83 84 90 96 102 103 105 110 113 114 115 117 119 122 124 126 127 133 134 135
3990 57 1 2 4 6 9 14 15 18 19 20 24 28 34 35 38 39 41 43 49 50 51 52 54 55 57 58 60 64 66 67 71 72 83 85 87 88 89 91 93 101 102 106 107 109 111 115 116 117 120 122 123 124 126 130 132 133 135
4143 55 1 2 4 6 8 11 14 18 20 21 23 24 25 27 29 31 36 37 38 42 43 46 51 57 59 61 66 69 71 72 74 79 81 84 85 86 87 92 94 102 104 105 106 107 108 112 114 116 119 120 123 127 128 133 135
4290 58 2 3 4 7 8 9 13 23 24 28 29 31 34 35 36 39 40 48 51 55 56 57 59 60 62 65 66 68 74 75 79 80 81 83 84 86 87 89 92 93 102 107 109 110 111 116 118 120 122 123 125 126 127 129 130 132 133 135
3619 60 1 3 4 10 11 12 15 16 17 21 22 23 24 28 30 34 35 36 41 42 43 49 52 53 54 55 58 59 64 66 68 69 73 75 76 78 81 84 89 90 92 94 98 99 105 107 111 112 114 116 117 118 119 120 123 124 125 126 127 135
4051 53 3 8 10 11 14 17 18 22 23 25 28 29 30 32 36 38 39 42 44 47 48 52 55 56 59 63 67 68 70 73 74 75 79 83 86 89 91 92 93 99 101 103 107 110 116 117 120 121 123 130 131 133 135
4159 58 2 7 10 13 15 16 18 19 22 26 31 34 35 37 39 41 43 44 48 49 51 52 53 56 61 63 64 67 68 69 72 74 76 78 79 83 86 88 93 94 97 99 102 103 104 106 107 113 114 116 118 122 123 124 127 128 131 135
3851 65 2 3 4 6 7 8 11 12 15 16 18 21 22 24 30 34 36 41 42 44 46 47 48 49 51 52 56 58 60 63 64 66 68 69 70 72 74 75 78 80 81 84 86 89 91 93 94 95 98 99 100 103 104 108 109 112 116 119 121 124 128 130 132 134 135
4181 55 3 5 7 9 10 11 15 19 21 24 29 33 35 36 38 42 43 47 49 53 55 58 59 60 61 64 66 69 71 74 76 77 78 79 82 83 84 89 91 92 99 100 103 107 110 114 115 116 118 119 122 123 125 128 135
4040 67 1 4 6 8 10 11 14 18 21 22 25 26 29 31 34 36 38 39 41 43 45 46 47 50 52 57 58 59 61 62 65 66 67 68 70 71 72 73 76 77 78 81 82 84 86 87 89 90 93 95 97 98 101 102 104 108 111 116 119 121 122 124 126 127 128 132 135
4475 66 1 2 6 7 8 9 11 14 16 17 20 21 23 27 28 30 31 33 38 41 44 46 48 49 51 52 54 59 61 62 63 66 67 68 71 73 76 77 78 79 80 81 85 87 91 93 94 98 100 101 103 104 105 107 109 111 112 113 114 116 126 128 130 131 135 140
4536 51 6 7 10 14 17 19 20 22 24 31 33 37 40 43 44 47 48 50 55 57 59 60 65 69 71 72 78 79 82 84 88 89 90 94 96 100 105 110 115 117 118 119 120 122 124 127 131 133 136 139 140
4433 63 1 2 3 5 8 12 16 17 18 21 23 24 26 27 29 33 35 37 42 43 45 47 48 50 53 55 56 58 60 63 64 65 69 70 71 73 74 75 76 77 79 82 84 86 87 95 97 102 105 106 110 112 116 119 123 126 129 131 132 133 135 137 140
4446 70 1 3 5 6 9 11 12 13 14 18 19 21 23 25 28 29 30 31 34 37 39 41 43 44 45 47 50 52 53 55 58 61 63 64 66 69 73 74 76 78 80 82 83 85 89 92 93 96 98 100 101 102 105 107 113 115 118 119 120 122 124 127 128 130 131 133 136 137 138 140
4528 63 4 7 8 10 13 15 17 19 24 25 26 27 28 30 33 36 40 41 44 48 50 54 55 57 58 62 64 65 68 72 73 75 76 80 82 83 84 86 88 89 90 93 94 98 101 102 103 104 105 108 114 115 116 117 122 125 130 131 134 135 137 139 140
4093 61 3 4 5 7 9 10 14 15 18 19 22 23 24 27 28 35 36 42 45 47 50 52 53 56 60 61 63 65 67 70 72 75 76 79 82 84 85 87 88 92 96 98 99 101 102 105 108 111 116 118 120 121 122 124 125 129 130 132 135 137 140
4180 55 1 4 6 10 14 15 18 24 28 30 31 32 34 36 40 45 46 52 56 57 60 62 63 65 68 70 71 72 73 75 81 83 87 89 94 98 100 104 105 106 108 110 111 112 113 115 119 121 125 126 132 134 136 138 140
4333 58 2 4 5 6 10 12 14 15 22 24 25 28 32 33 37 38 39 40 41 44 47 49 53 57 59 63 64 67 68 69 74 75 77 79 82 84 85 92 95 96 97 98 99 107 110 112 114 117 118 119 122 127 129 134 137 138 139 140
4426 57 2 4 5 6 10 12 13 15 18 19 22 25 28 31 34 37 39 41 43 45 50 53 55 57 58 59 61 66 71 76 78 81 82 84 86 88 91 94 95 100 101 105 106 109 111 113 114 119 121 123 124 125 130 133 135 138 140
4500 62 1 6 8 9 10 13 16 17 18 19 21 26 27 29 32 33 35 36 43 44 45 46 47 49 53 57 59 60 62 65 67 68 70 71 75 77 79 80 82 83 84 85 90 93 94 100 102 107 110 111 112 118 125 127 129 132 133 134 135 137 138 140
4931 63 6 7 9 10 11 12 15 18 21 24 25 27 32 33 34 36 37 40 43 46 47 48 49 50 51 56 58 59 62 63 65 67 69 71 74 75 76 83 88 92 94 97 100 103 104 106 110 111 113 115 116 123 126 127 131 132 135 137 138 140 142 143 145
4463 56 2 3 10 13 14 15 19 20 21 23 27 28 29 32 34 38 40 53 54 55 58 61 63 64 65 66 70 71 74 75 78 82 87 90 93 99 104 106 110 113 115 116 118 119 124 125 126 128 129 130 134 135 138 140 143 145
4882 65 1 5 6 7 8 10 12 14 15 18 21 24 25 27 31 34 36 39 40 41 43 46 47 49 52 53 54 57 58 61 62 64 67 69 70 71 74 75 77 79 80 82 85 87 89 90 94 96 98 100 108 114 124 126 127 130 131 132 133 135 136 137 140 144 145
4343 63 4 5 6 9 13 14 17 18 21 22 23 24 25 30 32 36 37 38 41 42 46 50 51 52 55 61 64 66 67 69 72 76 77 80 82 83 90 94 98 99 100 101 106 108 109 112 116 119 122 123 125 127 128 131 132 134 135 136 137 141 143 144 145
4320 69 2 3 4 7 8 10 12 13 20 22 24 26 27 29 30 33 36 37 42 45 46 49 52 53 55 60 62 66 68 71 72 73 75 76 78 80 81 82 84 86 90 92 94 96 99 103 105 106 108 112 113 115 117 118 119 124 125 129 130 132 133 135 138 139 140 141 142 144 145
4554 64 5 7 8 10 13 14 15 17 19 20 23 25 27 28 29 31 32 35 36 37 39 41 42 44 50 53 54 56 59 63 64 66 69 73 74 78 82 83 84 86 88 89 91 96 98 101 105 111 112 117 121 122 124 125 126 129 131 132 134 137 141 142 143 145
4094 60 2 6 14 15 16 17 21 24 28 30 36 38 41 42 43 44 46 49 54 55 59 60 62 63 66 68 70 72 73 75 77 78 84 85 87 89 96 97 100 101 102 106 107 108 110 111 115 118 120 121 123 125 129 132 137 138 139 143 144 145
4060 60 1 2 4 5 8 13 14 15 16 18 20 21 22 24 27 30 31 34 36 41 44 45 46 48 53 57 59 64 65 67 68 73 76 77 78 80 86 88 91 92 95 96 98 104 105 106 108 109 111 114 116 117 118 121 125 128 140 142 144 145
4374 64 4 6 7 8 15 17 20 23 24 28 29 30 33 35 36 40 41 42 44 45 48 49 51 52 58 59 60 61 63 68 69 70 73 75 77 80 83 84 87 93 94 95 97 100 101 104 106 109 110 114 116 118 119 122 123 128 130 132 135 136 138 139 142 145
4673 59 2 5 6 9 12 15 16 21 23 24 25 26 28 33 35 38 42 46 48 49 52 54 55 56 61 62 68 69 73 74 80 86 87 91 93 95 97 98 99 101 103 106 108 111 113 114 117 120 122 124 126 128 131 132 134 136 139 140 145
4752 61 1 2 4 5 10 12 13 14 15 17 20 22 24 29 32 33 34 39 41 42 44 50 51 56 58 64 66 67 68 69 76 79 80 81 85 88 91 92 93 97 100 101 102 103 104 110 112 120 121 122 126 132 134 136 137 141 143 144 147 148 150
4771 69 1 2 6 7 8 12 15 18 20 23 26 29 30 35 38 39 41 42 45 49 53 56 57 63 65 67 70 71 73 74 77 78 80 82 84 86 87 89 90 92 94 95 96 97 101 102 103 105 106 107 109 110 111 112 114 115 116 119 120 125 127 130 131 132 133 140 148 149 150
4391 62 1 3 4 7 9 12 13 17 18 22 23 31 32 33 37 38 41 44 45 48 50 53 55 56 61 64 69 70 73 77 78 80 81 82 83 86 88 93 98 100 103 106 111 115 116 118 119 120 121 124 127 129 131 135 136 137 141 143 144 146 148 150
4646 65 5 8 10 11 12 16 18 19 20 22 28 30 31 34 38 40 42 46 48 52 53 56 57 60 65 66 68 69 70 71 74 79 80 82 83 84 85 89 91 92 93 97 98 101 102 105 106 107 110 113 116 117 120 121 122 123 125 133 135 137 140 141 146 147 150
4304 60 3 7 9 11 15 19 21 23 27 28 30 34 36 37 38 39 40 45 47 49 52 56 58 60 61 64 69 71 72 77 79 83 85 87 90 91 97 101 103 104 105 111 112 114 115 117 118 120 123 125 127 130 133 137 138 140 144 147 148 150
5041 71 1 2 3 5 6 8 9 12 13 15 16 17 21 24 25 27 28 29 30 33 35 38 41 43 47 49 51 52 54 55 59 61 65 67 68 70 72 74 80 82 85 89 91 92 96 97 99 101 102 103 104 106 109 110 113 115 118 119 121 122 125 127 132 138 140 141 142 145 147 148 150
4576 67 1 8 10 13 15 16 21 22 23 24 27 30 31 33 34 36 41 42 47 49 50 54 55 57 62 63 65 67 68 69 72 73 76 78 79 81 83 85 91 94 97 100 102 103 105 106 111 112 113 115 116 117 119 123 124 125 129 131 132 134 141 142 143 144 146 149 150
4991 61 3 5 8 9 16 19 20 25 28 29 31 33 37 38 41 43 47 49 50 54 55 58 61 62 65 66 67 71 72 74 78 79 83 84 86 89 91 94 98 100 101 102 104 111 115 116 117 119 122 124 127 129 130 136 138 139 145 147 148 149 150
4381 63 2 5 10 12 13 16 17 19 20 21 24 27 28 29 30 32 35 40 42 44 46 48 49 50 55 58 59 60 62 63 64 70 72 73 74 75 76 80 82 88 94 95 101 104 105 107 108 111 118 122 123 129 130 134 137 139 142 143 144 146 148 149 150
4900 60 1 2 5 8 9 11 14 18 20 21 23 26 32 33 37 44 45 46 48 51 56 60 61 62 64 67 69 71 72 73 74 77 79 81 82 83 84 87 89 92 94 100 102 103 105 107 108 109 114 116 118 121 128 131 133 137 138 142 149 150
4713 78 1 2 5 6 7 9 13 15 16 17 23 24 28 32 33 34 36 41 42 43 45 47 48 53 56 58 61 62 64 68 69 71 72 74 75 77 79 80 82 85 86 88 89 90 91 92 94 96 97 100 102 103 107 108 109 110 112 116 117 119 121 122 123 124 126 131 132 133 134 138 141 143 145 146 148 151 154 155
4524 81 1 2 4 6 7 8 11 12 13 17 18 20 22 23 24 26 27 28 34 36 37 38 41 43 44 47 48 49 50 51 55 57 58 60 63 64 67 69 71 74 75 76 78 79 83 85 86 87 88 90 93 96 99 100 102 103 105 106 108 111 113 116 118 119 120 126 127 130 131 132 133 134 135 138 139 140 143 150 152 153 155
4841 63 7 11 12 13 15 17 18 19 20 23 25 28 29 31 35 37 42 44 48 51 52 54 59 61 65 67 68 69 72 75 76 77 78 81 83 84 85 87 96 97 99 100 105 106 109 111 114 116 118 121 125 131 132 134 136 138 139 141 147 148 152 154 155
4613 71 1 4 7 8 10 11 13 14 16 23 26 30 34 35 36 41 45 46 47 48 49 51 52 55 56 58 59 61 62 63 65 70 73 74 75 78 80 81 83 84 86 91 95 96 97 98 102 103 104 105 108 112 115 117 119 121 125 129 135 136 137 139 140 141 143 144 146 150 152 153 155
4589 66 5 7 8 10 15 16 22 24 25 29 32 33 34 36 37 38 39 43 44 47 48 49 51 56 57 60 62 63 65 66 67 73 74 76 78 81 82 83 89 91 92 95 98 100 106 108 110 112 115 119 121 123 125 128 129 131 133 135 136 137 143 146 148 149 154 155
4640 63 4 7 9 10 14 15 16 20 23 25 27 30 31 32 35 36 38 43 45 46 49 50 53 55 56 57 61 63 64 66 67 71 78 80 85 87 88 94 98 99 101 102 103 108 113 114 116 117 118 119 122 127 129 132 134 135 136 142 143 145 151 153 155
5373 67 2 6 9 12 15 17 19 20 21 23 24 26 29 34 38 45 49 51 53 54 55 60 61 62 63 64 66 68 70 74 75 78 79 80 83 85 86 87 88 90 91 93 94 98 99 102 105 106 108 113 120 122 123 125 127 128 129 132 133 137 139 143 146 148 152 154 155
4999 72 1 3 5 7 9 10 14 17 18 21 24 25 26 27 30 32 35 36 38 39 44 46 49 50 54 55 57 60 61 65 66 67 71 72 73 75 77 80 82 83 90 91 96 98 104 105 106 107 109 111 112 114 115 117 120 125 126 128 131 132 137 138 140 141 142 144 145 146 150 153 154 155
4492 67 1 2 8 14 15 18 23 24 26 27 31 33 39 40 42 43 44 45 49 50 52 56 57 58 59 63 65 70 71 74 78 80 81 85 90 91 95 97 98 99 101 102 103 105 108 112 113 114 118 120 124 126 128 129 130 132 135 136 138 139 143 144 147 150 153 154 155
4209 73 1 4 6 11 13 15 18 19 21 22 23 24 25 26 27 31 35 36 38 39 42 43 46 47 48 49 51 53 55 56 57 58 64 67 69 70 72 74 77 79 80 81 83 87 90 91 92 95 99 101 103 105 109 110 111 115 119 121 122 123 124 129 133 135 137 141 142 146 149 150 151 154 155
4823 79 1 2 5 6 7 8 10 12 14 18 19 20 22 23 24 25 27 28 29 30 33 35 39 40 41 43 46 49 52 54 55 59 61 62 66 69 72 75 77 78 80 81 84 85 88 89 92 94 97 98 101 103 106 107 108 112 113 122 125 127 129 130 131 134 136 138 139 144 145 148 149 150 152 153 154 156 158 159 160
4903 75 3 4 6 8 10 11 12 16 20 21 23 24 25 26 27 32 34 35 37 38 39 40 42 47 49 53 54 56 57 60 65 68 69 71 72 74 76 78 81 84 85 87 88 90 91 94 96 102 105 108 109 112 114 116 118 120 123 126 129 132 134 135 136 137 138 142 146 148 149 150 151 153 154 158 160
4675 67 1 2 3 8 13 15 16 21 24 27 28 31 37 39 40 42 44 47 49 52 53 56 57 64 65 67 69 70 76 77 79 82 83 85 87 93 94 97 103 105 106 107 110 111 112 115 119 122 124 125 127 129 130 132 133 134 137 141 143 146 149 151 152 155 158 159 160
4853 65 1 2 3 5 7 8 12 14 16 20 21 23 24 26 27 28 32 36 39 40 42 47 48 49 51 53 56 57 60 61 68 70 71 73 77 80 86 89 92 98 102 105 106 117 118 124 125 126 128 129 133 134 137 138 141 144 146 147 150 152 155 156 157 159 160
5068 75 1 4 5 8 9 10 11 14 15 16 18 21 22 23 24 29 31 33 35 36 40 43 46 47 51 52 53 55 56 60 61 64 69 74 77 79 82 84 85 87 90 94 95 97 99 101 104 110 113 114 115 118 121 123 124 125 128 129 130 131 133 139 140 141 143 144 146 148 149 152 153 154 155 156 160
4474 64 1 4 7 16 17 19 21 22 23 25 27 30 31 35 39 41 47 49 51 55 59 64 65 67 68 70 71 75 77 79 82 83 86 89 90 95 96 97 101 104 106 109 111 115 116 120 121 124 128 129 130 132 134 136 137 139 144 145 147 150 153 154 156 160
4450 72 1 2 3 4 5 8 9 11 13 14 17 20 22 32 37 39 41 42 44 46 48 50 52 54 55 58 61 62 63 64 65 67 68 69 71 72 74 75 76 77 78 79 82 86 87 88 89 98 101 102 103 106 107 109 111 112 113 115 125 128 129 135 142 144 145 146 147 148 153 155 159 160
4839 77 2 4 8 11 12 15 17 20 22 23 28 31 32 35 36 38 39 41 42 44 45 51 53 59 61 62 64 65 67 68 70 71 73 75 76 77 80 81 82 87 91 97 98 99 101 102 106 107 108 109 111 114 116 117 118 120 122 124 125 126 127 130 131 132 133 135 136 138 141 144 145 149 154 155 156 157 160
4712 66 2 3 6 7 8 11 12 14 18 19 21 22 23 24 27 29 31 33 34 36 37 38 39 40 47 52 55 57 65 66 68 69 75 82 85 87 89 93 95 100 102 103 104 105 106 107 108 113 114 116 120 121 131 137 139 140 143 144 145 146 150 151 155 156 159 160
5050 73 1 2 4 9 11 14 16 18 20 21 22 23 27 31 34 35 40 45 46 49 51 52 55 56 57 58 59 61 62 63 65 67 71 73 74 77 81 83 86 88 89 92 96 97 100 101 104 106 108 109 111 115 116 120 121 123 124 127 128 130 132 133 134 135 141 146 147 151 154 155 157 158 160
5146 79 3 4 6 8 10 12 14 15 16 21 22 28 30 32 33 35 37 38 39 40 42 44 47 50 54 55 58 59 61 63 64 71 72 75 78 79 84 85 88 91 92 93 94 95 99 101 102 104 105 106 109 112 117 119 120 122 125 126 128 129 130 133 134 135 136 137 139 143 145 147 148 151 152 154 155 158 159 164 165
5161 71 1 2 3 6 7 10 12 15 18 19 21 22 25 27 28 29 31 32 33 34 35 37 41 44 46 47 50 51 52 53 55 57 58 62 64 65 67 68 70 73 77 79 86 87 96 99 103 104 105 108 113 117 118 123 125 126 132 134 136 139 143 150 151 152 153 154 159 161 162 163 165
4948 72 1 3 4 5 9 13 14 19 22 23 25 26 30 32 35 37 47 49 50 52 56 58 61 63 67 68 70 71 76 77 79 85 87 88 89 91 95 99 103 104 105 106 110 111 112 113 119 122 124 126 127 128 130 131 134 136 137 139 144 145 147 148 150 152 153 156 157 158 159 160 161 165
4748 73 3 7 8 10 11 12 14 15 16 19 23 24 26 28 31 33 36 37 40 41 44 47 49 52 55 58 66 71 72 74 76 78 83 85 86 89 91 93 98 99 100 102 103 104 105 107 109 110 111 113 115 120 122 124 127 130 131 132 133 135 137 139 140 141 142 143 145 151 153 154 160 164 165
5566 73 1 4 8 12 13 14 15 17 18 19 20 22 26 29 30 31 32 34 36 39 42 44 46 47 52 54 58 60 64 65 67 73 74 75 76 77 79 81 82 85 87 88 91 92 95 97 99 103 104 106 107 109 110 113 114 116 117 119 123 126 127 128 131 136 138 144 146 149 152 161 163 164 165
4656 80 1 2 7 8 9 11 12 15 21 22 23 24 31 32 35 36 37 39 42 43 46 48 49 50 53 55 60 62 63 64 66 75 76 77 78 80 83 86 87 89 90 94 95 96 101 102 103 104 106 108 110 111 112 114 116 118 119 123 124 125 132 133 134 137 138 140 144 145 146 148 150 153 154 156 157 159 162 163 164 165
5150 69 1 3 6 9 11 13 15 19 20 22 25 27 31 32 36 37 39 40 45 46 48 49 50 51 52 53 54 59 60 63 69 70 71 72 74 76 77 78 83 88 90 92 93 94 96 97 99 103 105 109 114 115 116 119 120 133 139 142 144 148 151 153 156 157 158 160 162 163 165
4948 77 2 3 5 6 7 8 12 14 16 18 19 20 23 27 28 32 34 35 36 41 42 44 45 48 49 51 52 54 59 62 63 64 70 73 74 77 80 81 82 84 89 90 91 92 94 95 98 99 100 108 109 111 112 114 115 118 120 121 123 126 128 132 133 134 138 141 143 145 146 150 153 157 159 162 163 164 165
5205 65 3 5 7 11 12 13 17 18 20 22 24 26 30 31 32 39 44 46 47 50 51 54 55 56 58 59 62 64 65 67 73 76 79 80 86 88 90 95 100 104 108 111 112 115 116 119 121 122 125 126 127 132 134 137 139 141 144 145 146 149 151 156 161 164 165
5030 78 1 3 9 10 13 14 15 20 21 26 29 32 35 36 39 40 41 44 46 48 49 50 52 53 54 58 62 64 68 72 73 75 76 78 80 81 82 85 89 90 91 93 94 95 96 100 102 104 106 107 110 119 121 123 124 125 126 127 128 129 131 134 138 141 144 145 148 149 150 151 152 154 155 158 161 162 164 165
5158 72 1 3 6 7 10 11 12 16 17 18 20 24 25 29 32 35 36 39 40 45 46 48 50 51 53 60 62 64 65 68 70 71 73 74 76 79 81 84 85 91 94 96 97 99 102 103 104 105 109 112 115 118 121 123 124 126 127 134 137 139 142 144 145 148 150 151 152 154 159 161 164 170
5071 78 2 4 12 14 18 19 20 21 24 25 26 27 29 30 32 37 39 40 41 43 44 46 48 49 50 51 54 55 57 60 62 65 67 68 70 75 77 79 80 82 86 87 92 93 94 96 99 100 104 109 110 111 112 113 116 122 126 129 132 133 135 136 138 139 141 142 144 146 151 152 153 155 157 160 165 167 168 170
5253 75 2 3 4 6 7 9 13 17 19 20 21 22 23 28 33 35 41 43 44 45 48 50 53 54 58 59 60 61 63 64 69 76 80 81 83 88 90 92 94 95 96 100 101 103 104 105 108 113 114 117 118 121 124 126 131 134 135 139 140 142 143 144 145 149 150 152 156 158 159 162 164 166 167 168 170
4830 73 1 3 4 7 8 9 11 13 14 22 28 29 36 38 40 41 47 49 50 52 53 57 58 59 62 64 67 68 70 71 72 74 77 80 81 83 84 87 88 93 95 97 103 107 108 110 111 113 114 115 118 119 120 123 125 126 128 129 134 138 139 141 144 145 149 152 157 158 159 161 163 166 170
5011 85 1 4 5 6 10 12 13 15 16 18 19 22 23 25 26 29 31 33 38 40 42 44 48 49 52 54 56 57 59 60 66 69 70 71 72 73 79 80 81 83 84 85 87 88 93 95 97 98 99 100 101 103 105 108 110 113 114 116 117 120 122 125 126 130 132 134 135 139 140 142 143 144 145 146 148 151 153 154 155 158 159 162 163 168 170
5178 80 1 7 11 12 13 14 16 18 20 21 22 24 26 28 32 33 36 39 40 42 45 47 51 53 56 57 58 59 61 62 64 65 68 70 72 76 77 78 79 82 84 85 86 88 90 91 94 95 96 97 99 101 102 104 107 111 112 113 124 125 126 127 129 133 134 135 136 138 140 141 145 146 151 153 157 159 161 163 168 170
4784 78 1 3 7 9 13 14 15 17 20 21 22 24 25 27 28 30 31 33 35 37 38 42 43 44 48 53 57 59 61 63 65 67 68 70 73 76 77 78 80 81 82 87 89 92 93 94 96 103 108 111 112 114 116 123 124 127 128 129 131 133 135 138 139 140 141 143 144 148 149 150 155 156 160 161 165 166 167 170
5606 75 1 5 6 8 9 10 11 12 16 19 25 26 29 32 33 34 36 39 40 46 47 48 49 57 59 60 61 66 68 70 71 72 75 76 80 82 83 86 89 91 92 96 97 98 100 103 107 109 110 111 115 116 117 119 122 126 129 131 136 137 139 144 145 147 148 149 153 156 161 162 165 166 168 169 170
4816 71 1 2 3 6 11 12 15 16 17 18 20 22 23 25 28 29 32 33 35 37 38 41 44 45 46 51 52 54 55 59 61 62 63 64 66 69 72 74 78 83 84 86 87 91 93 99 102 105 106 111 113 123 127 129 132 134 135 137 139 141 143 147 148 149 150 152 157 158 160 161 170
4971 75 1 2 3 4 6 7 10 12 13 15 16 23 24 29 30 35 36 37 43 46 48 50 53 56 57 59 64 67 71 72 73 75 78 80 82 83 85 86 87 89 90 92 94 96 98 101 105 106 107 109 113 118 120 121 122 123 127 128 131 134 136 137 142 145 146 147 149 151 155 159 162 166 167 169 170
5289 80 1 4 7 9 13 14 16 17 18 21 25 29 30 31 35 36 38 41 44 45 48 49 52 53 54 55 57 58 59 61 62 64 69 73 74 75 78 81 82 84 85 88 90 94 98 101 102 104 105 106 111 112 114 116 118 120 121 125 126 128 130 132 134 137 139 144 145 146 149 151 153 156 159 160 164 167 169 171 173 175
5368 74 1 7 8 12 14 17 18 21 23 24 25 27 28 35 37 42 43 45 46 48 52 54 56 58 60 62 64 67 68 71 80 81 83 84 86 87 89 92 94 97 103 104 108 111 116 121 122 125 127 129 130 134 138 140 141 145 147 148 150 151 152 153 155 156 157 159 160 163 166 168 171 172 174 175
5696 69 1 4 8 9 10 11 12 13 14 18 19 21 23 25 29 30 34 35 38 39 41 42 48 53 62 65 70 72 73 75 76 78 84 85 88 89 91 95 101 108 110 112 114 116 117 120 123 124 125 127 130 135 136 139 141 142 144 146 147 148 152 154 156 159 162 165 167 172 175
5724 78 1 3 7 8 9 10 13 15 16 21 23 24 26 27 32 39 43 44 45 47 49 51 53 54 55 60 61 62 63 67 70 71 72 76 79 82 84 86 87 90 93 96 97 99 104 106 107 109 110 111 113 117 118 121 123 125 128 131 133 137 139 141 143 145 146 148 149 151 152 153 158 160 161 162 167 171 173 175
5751 71 3 4 8 10 12 14 17 20 23 25 28 29 31 35 39 43 46 47 50 53 54 57 59 60 65 66 69 73 78 79 81 83 84 85 86 88 95 99 105 108 111 112 114 116 119 120 122 124 125 129 130 134 135 136 137 138 141 143 144 145 146 152 155 159 160 163 166 169 171 173 175
5461 71 3 6 7 10 13 15 20 22 23 26 27 29 33 37 39 43 48 49 55 56 59 66 68 73 75 77 80 82 83 85 86 90 92 94 97 99 101 102 105 107 111 113 114 115 116 119 121 122 124 126 131 132 134 136 137 140 143 145 147 148 149 153 155 157 160 161 162 164 171 172 175
4616 79 2 3 4 6 13 14 15 16 19 23 25 28 30 31 36 38 39 41 43 44 47 48 53 55 56 60 62 66 69 72 76 79 82 83 85 86 87 89 92 96 102 103 104 105 107 108 109 110 116 117 120 121 123 124 127 128 131 135 140 142 144 147 148 150 153 154 155 158 159 162 163 164 167 168 171 172 173 174 175
5665 64 1 4 5 7 14 15 16 18 26 30 32 33 34 36 38 42 47 48 51 53 58 59 60 61 64 73 74 75 78 79 82 85 90 92 93 95 96 99 102 105 109 111 114 126 129 133 137 138 142 143 144 148 149 150 153 155 158 160 162 163 165 166 170 175
5445 86 1 3 6 10 13 14 15 17 19 20 23 24 25 26 30 33 38 39 40 41 42 46 47 49 51 52 53 55 62 64 65 67 68 70 72 73 75 76 81 82 86 88 89 90 91 93 94 95 96 97 98 101 103 106 108 110 111 114 116 118 119 120 121 125 126 127 128 131 133 136 142 144 145 147 152 153 154 156 158 161 163 166 167 171 173 175
5602 69 2 3 4 7 8 9 12 18 20 21 23 24 28 29 37 39 41 45 50 51 52 54 57 59 60 65 69 71 75 77 81 82 84 85 91 95 96 99 103 106 108 109 110 112 114 116 120 122 125 129 131 133 135 138 139 141 145 147 153 155 158 162 163 166 170 172 173 174 175
5728 75 3 4 7 12 14 19 20 21 23 25 26 28 29 30 33 39 44 45 48 51 52 53 54 55 58 59 60 63 65 67 68 76 80 81 82 83 86 90 93 95 96 98 100 101 102 108 110 114 115 119 121 123 124 125 126 128 133 134 136 137 138 139 142 147 151 157 158 162 165 169 170 173 174 178 180
5500 82 6 7 8 10 14 15 17 18 19 21 25 26 27 29 31 32 36 40 41 47 48 49 54 55 57 60 63 70 72 73 74 75 77 79 81 83 86 88 89 91 92 94 95 96 97 100 101 106 108 109 112 114 115 116 118 121 123 128 134 136 137 138 142 143 144 145 147 148 151 153 154 159 161 162 166 167 169 170 172 174 176 180
5443 79 2 4 5 6 7 9 12 13 14 17 19 21 22 24 27 32 34 35 36 41 42 45 47 48 52 58 59 60 66 67 68 71 72 77 78 80 85 88 91 94 98 100 101 103 108 109 110 112 114 115 116 118 120 123 124 125 126 128 129 130 131 133 134 140 143 144 146 149 152 157 160 167 169 171 173 175 176 179 180
5816 75 1 5 6 8 9 12 13 16 17 23 27 29 31 34 35 39 40 44 45 50 51 52 54 55 59 62 63 64 67 68 70 71 72 74 75 76 78 88 89 92 95 96 97 99 101 106 108 114 116 117 118 122 124 128 129 130 134 138 142 146 149 152 155 156 157 158 159 161 162 163 169 171 172 175 180
5680 72 1 3 5 8 10 12 15 22 27 32 33 34 39 40 42 45 46 47 49 55 56 58 63 67 69 74 77 78 81 83 85 87 89 91 92 96 102 104 109 110 112 115 116 123 126 127 132 133 135 136 139 141 142 143 144 148 149 150 151 155 156 158 161 163 165 167 172 174 176 177 179 180
5634 73 1 4 5 8 9 10 12 15 16 17 18 22 25 27 30 33 35 39 43 44 46 51 52 54 58 60 63 64 65 66 67 71 73 74 75 76 81 82 85 89 93 94 95 101 106 109 110 114 115 118 124 127 128 131 132 136 137 141 144 145 146 149 150 151 154 161 164 168 170 171 174 178 180
5502 76 1 5 6 8 11 14 17 19 22 25 27 29 31 34 37 39 43 44 46 48 50 52 55 60 64 65 68 73 74 75 80 81 82 83 89 90 91 92 93 95 99 101 102 104 109 111 113 114 115 117 119 121 127 129 130 131 132 137 138 140 141 149 150 152 155 158 161 162 164 165 167 169 170 174 175 180
5930 80 1 5 7 8 9 11 17 18 19 22 27 29 32 34 35 37 38 39 41 42 46 50 53 55 56 57 60 64 65 66 73 75 76 77 78 79 81 82 83 84 85 87 88 95 96 97 104 105 106 107 109 113 116 120 123 127 131 132 136 138 140 143 145 146 147 149 151 155 156 163 164 166 167 168 173 174 176 177 179 180
5423 84 4 5 7 9 14 19 21 22 23 25 26 29 31 32 34 35 36 41 45 47 49 55 57 59 61 62 63 65 66 68 70 71 75 76 80 81 82 83 85 89 91 93 94 98 100 101 103 108 109 110 113 116 117 120 125 128 131 132 134 135 137 138 139 141 144 146 147 148 150 151 152 153 156 157 161 162 167 169 170 172 174 176 179 180
5801 70 1 4 6 7 8 12 16 19 22 24 26 27 28 29 34 35 41 42 44 45 49 50 59 60 62 63 64 68 70 75 77 79 82 83 86 87 88 91 99 103 105 108 111 114 117 118 120 121 123 125 126 128 131 132 134 135 140 144 148 151 152 156 158 161 165 169 171 175 176 180
5316 80 1 3 6 7 9 10 11 12 14 16 17 22 23 25 28 29 30 33 35 36 38 42 43 44 46 47 49 53 56 62 68 71 72 78 82 84 86 88 91 94 96 98 99 100 105 107 108 110 111 114 116 117 120 123 126 127 129 131 136 139 140 141 142 143 144 147 148 155 158 161 164 167 169 174 175 177 179 182 184 185
5471 77 1 3 4 8 12 21 23 24 26 29 30 31 32 34 37 38 44 45 48 51 54 55 58 60 62 64 66 71 72 74 76 77 83 85 86 88 89 91 93 98 99 104 105 106 109 110 111 112 113 115 118 119 120 121 126 128 130 131 133 135 139 143 146 149 153 157 160 166 168 169 171 172 173 179 182 184 185
5358 82 2 3 10 11 14 15 16 19 21 25 26 27 28 31 33 35 38 41 45 47 51 56 58 60 62 63 65 66 69 70 72 73 75 76 78 79 81 82 86 87 89 90 92 100 103 105 106 108 109 112 113 116 121 123 124 126 130 131 132 133 135 137 139 143 149 151 152 153 156 158 159 161 165 166 167 169 173 174 177 178 180 185
5588 88 3 4 8 10 12 14 19 23 24 27 28 30 31 34 35 38 39 40 44 46 47 48 50 51 54 55 58 60 64 65 68 71 72 73 75 76 77 79 82 83 84 85 86 88 91 93 94 97 98 99 101 102 104 105 107 110 112 115 119 123 125 126 129 130 132 134 136 140 143 148 150 151 154 155 159 162 163 164 165 168 171 173 176 178 179 183 184 185
5163 90 3 4 7 11 14 15 21 22 25 26 30 31 32 34 36 37 38 43 44 45 49 50 51 53 55 56 57 59 62 63 65 66 70 71 72 73 74 77 79 83 84 85 86 89 90 92 93 95 98 99 102 103 106 107 113 117 119 120 124 126 127 128 129 131 134 135 138 140 141 142 144 145 146 147 149 151 152 160 162 166 167 168 169 170 171 176 178 183 184 185
5793 83 2 5 7 10 11 16 18 23 26 27 29 31 32 34 35 38 39 41 42 44 45 48 49 50 52 53 55 59 63 65 66 68 69 72 74 75 76 78 80 85 87 88 92 93 94 96 97 101 102 103 107 111 115 116 117 119 121 125 127 128 130 133 135 136 138 142 143 144 147 150 156 158 159 161 164 165 166 173 175 177 182 184 185
5646 89 1 4 6 8 9 11 14 16 17 18 19 23 24 27 28 29 31 33 42 43 48 49 50 51 52 53 54 56 57 59 63 64 67 69 70 71 77 79 80 81 85 87 91 92 93 94 95 96 97 102 103 104 106 109 110 112 113 115 116 119 123 126 128 132 133 136 137 141 143 144 147 148 149 150 155 157 158 160 161 162 163 169 171 172 174 179 181 182 185
5357 88 1 3 5 6 7 8 9 13 15 17 18 23 24 27 29 31 32 35 40 41 42 43 46 47 48 52 53 55 57 58 60 63 64 65 66 69 71 76 79 81 83 84 86 88 89 91 92 94 100 101 102 106 107 110 111 112 115 118 119 121 123 124 126 129 131 132 134 135 136 144 145 148 156 158 161 163 164 168 169 171 172 175 176 180 181 183 184 185
5727 84 2 4 5 7 10 11 12 14 15 16 18 21 24 26 35 36 41 42 43 45 48 50 52 56 57 60 63 64 69 70 71 73 75 78 80 82 85 88 90 93 94 100 104 108 111 112 114 115 117 119 120 122 124 125 126 127 128 130 132 134 135 137 138 140 141 144 149 150 152 153 157 159 161 162 163 165 171 173 174 175 179 181 183 185
5335 80 2 4 9 10 12 13 15 16 17 19 20 21 24 25 27 30 32 34 35 41 42 44 45 48 50 51 52 54 60 63 64 66 69 71 74 79 81 82 84 87 90 91 92 95 97 101 102 106 109 111 113 115 118 120 121 123 124 126 129 131 135 138 140 142 146 147 148 149 151 160 164 167 168 170 171 173 177 178 184 185
5367 86 5 6 7 8 10 13 14 16 17 18 19 23 24 27 28 30 33 34 36 40 43 44 46 52 56 57 59 62 64 67 70 73 74 75 79 80 84 85 88 91 92 93 95 100 102 103 104 107 111 113 114 119 120 122 124 125 128 131 132 134 135 137 140 141 143 145 147 149 153 155 156 158 159 161 163 164 166 169 173 177 181 183 185 186 189 190
5866 85 3 6 8 9 11 12 14 15 17 18 20 21 23 30 37 41 46 47 49 50 52 53 57 60 66 67 69 73 76 77 78 79 81 82 87 89 90 91 92 98 99 100 105 107 109 110 111 113 114 115 116 119 120 122 123 124 126 128 132 133 135 140 144 145 146 147 148 152 154 155 157 159 161 163 166 167 169 176 177 178 180 184 186 189 190
5907 73 6 7 9 10 11 12 14 17 20 26 28 32 36 38 43 49 52 57 59 63 67 68 71 73 74 75 76 77 78 80 84 87 88 90 95 97 98 101 102 103 105 107 108 111 112 113 116 121 126 128 133 137 138 142 146 149 151 152 154 155 158 161 164 168 169 171 172 177 181 183 185 188 190
5860 79 2 6 9 10 11 14 16 19 25 27 29 30 31 34 45 47 49 50 51 53 54 55 56 57 58 60 62 63 65 66 69 71 72 75 81 82 86 89 91 95 99 100 103 107 109 111 112 113 115 118 121 122 124 126 131 135 140 145 149 150 151 153 155 159 160 165 168 169 170 171 172 175 177 183 184 185 186 188 190
5741 76 1 3 5 6 9 10 11 15 16 21 22 23 24 28 31 33 36 37 38 39 41 44 45 46 48 49 52 53 59 62 66 67 70 72 76 77 80 82 83 86 90 92 96 97 98 103 105 110 111 113 116 119 121 123 126 128 133 136 142 144 146 147 151 153 159 161 162 164 167 169 170 175 180 181 188 190
5865 81 1 4 6 8 9 11 15 16 18 22 24 26 28 29 30 32 33 35 36 37 39 40 41 44 45 49 51 53 55 59 61 64 65 67 69 74 77 78 80 84 85 88 89 91 95 97 98 99 101 102 105 108 110 112 113 118 122 125 130 133 134 137 138 140 144 149 150 156 160 161 165 168 169 170 171 175 180 181 185 187 190
6188 84 3 4 6 7 12 16 17 19 21 22 23 25 27 30 34 35 41 44 46 47 51 52 54 57 58 60 63 70 71 73 74 75 76 77 79 80 81 82 87 92 97 100 102 105 108 109 110 115 121 122 124 126 127 128 129 131 133 135 136 138 140 142 143 146 147 148 150 153 154 156 159 162 163 164 166 168 169 173 175 179 180 186 187 190
5916 80 2 5 7 9 12 15 16 18 20 23 25 29 34 35 38 40 41 43 45 47 49 51 54 58 62 65 66 67 68 73 77 79 81 83 93 97 99 101 104 105 107 108 109 112 113 115 117 118 119 124 126 130 134 139 142 144 145 148 151 154 157 158 160 161 165 167 168 170 171 173 174 176 179 180 181 183 185 188 189 190
5829 76 1 3 4 5 10 11 12 16 17 18 22 26 27 34 35 36 38 39 41 44 51 53 54 55 57 60 62 67 69 70 71 73 75 76 77 83 84 90 91 94 96 100 104 107 108 110 113 116 120 122 123 125 129 133 137 139 145 146 151 153 156 157 158 159 160 163 168 172 174 176 179 181 183 184 189 190
5509 76 1 6 7 10 12 17 18 19 21 24 25 31 36 37 39 40 41 45 48 49 51 53 56 60 65 66 70 72 73 75 77 78 83 88 90 91 94 97 98 101 103 105 108 110 111 113 114 119 121 124 125 127 129 130 131 132 134 136 139 145 148 149 151 153 155 156 160 161 168 169 173 175 177 179 187 190
5619 88 2 3 7 8 10 11 12 14 18 19 20 21 23 26 28 31 32 33 37 38 40 42 43 45 50 51 55 57 58 59 61 62 63 68 69 70 72 73 75 82 83 85 86 88 95 97 99 102 104 109 114 117 118 119 120 121 125 126 128 132 134 136 141 146 147 150 151 153 155 159 160 161 164 166 167 169 172 173 174 176 179 181 187 191 192 193 194 195
6506 82 3 5 7 12 14 17 20 26 31 32 36 38 40 42 44 48 50 51 54 56 57 58 63 65 66 68 69 72 74 78 79 80 81 82 84 87 89 94 97 101 102 105 106 111 112 113 115 120 121 125 127 130 133 134 135 139 140 143 144 145 146 147 151 152 155 160 161 162 165 167 169 171 172 173 174 182 183 186 188 190 193 195
6221 86 4 5 7 9 10 12 17 22 25 27 28 30 31 32 40 41 43 46 49 51 52 59 61 62 64 67 69 71 72 73 79 80 81 86 87 90 91 92 95 96 99 101 106 108 109 110 111 112 114 115 116 117 119 123 125 128 129 133 134 139 140 142 147 148 149 150 152 155 161 164 165 166 167 169 172 175 178 180 181 182 183 190 191 193 194 195
6113 71 7 13 14 15 18 19 22 25 34 36 37 38 43 44 50 53 56 65 67 70 74 75 77 78 79 80 84 85 86 88 90 91 94 96 97 102 107 108 112 117 122 125 128 133 134 136 140 143 146 149 151 155 156 158 160 163 166 169 172 174 175 177 179 181 184 186 187 188 192 193 195
6373 82 6 7 8 9 10 11 13 16 18 21 26 30 34 36 42 44 45 46 49 50 51 53 54 58 60 62 69 70 71 73 74 80 83 85 86 90 92 94 95 98 102 105 107 108 109 112 113 117 118 121 122 126 132 138 139 141 143 144 146 148 149 151 153 156 157 159 164 165 166 169 171 172 180 183 184 185 188 189 190 192 193 195
5992 95 1 2 3 7 8 12 15 21 22 23 24 28 29 31 37 40 41 42 43 45 46 48 50 56 57 58 61 62 63 65 68 69 70 72 75 77 80 81 82 83 84 85 86 87 89 91 93 94 100 104 106 107 108 110 113 115 120 121 122 127 128 130 131 132 133 134 136 137 138 140 142 145 146 150 151 152 154 156 157 160 162 164 167 168 169 174 175 177 180 185 186 187 189 190 195
5980 86 7 8 10 13 14 16 17 20 21 22 24 28 30 32 33 37 40 43 44 45 46 50 52 54 56 61 62 64 68 69 71 73 74 79 81 82 86 87 88 93 95 96 97 98 102 104 112 114 116 117 118 119 124 127 128 129 131 132 134 135 138 139 140 141 142 143 144 145 147 154 157 159 164 166 167 168 175 177 178 180 181 184 185 188 191 195
6058 93 2 4 6 7 10 11 13 17 18 22 27 28 31 33 34 35 36 41 42 43 45 49 50 51 55 57 58 63 64 67 69 71 74 75 78 79 83 85 90 91 93 95 98 100 101 103 104 106 108 110 111 113 115 117 120 122 125 126 129 132 134 136 142 144 145 146 148 155 156 159 160 162 163 167 168 169 171 175 176 177 178 179 180 181 183 184 187 188 191 192 193 194 195
5893 87 4 5 8 10 11 13 15 17 19 21 22 27 28 29 31 32 36 37 38 39 41 47 49 53 54 57 59 65 66 67 72 79 82 84 85 93 95 100 101 102 103 104 108 111 114 118 119 120 122 123 125 130 132 134 135 137 138 140 141 143 145 146 147 148 149 150 152 155 156 162 164 165 166 168 169 170 176 180 181 182 184 186 187 188 191 193 195
6267 89 1 3 11 13 16 18 21 23 25 26 30 34 38 40 42 43 44 46 51 53 55 57 58 61 62 64 66 67 69 72 73 77 80 81 82 83 86 87 90 91 92 93 94 97 99 100 103 106 107 111 116 118 121 123 127 130 131 132 139 141 142 143 144 145 148 151 152 154 155 157 158 162 165 167 169 170 172 178 179 182 184 185 186 187 190 192 193 194 195
6331 85 1 2 6 10 13 14 16 17 19 26 28 31 32 33 36 38 44 45 46 49 56 58 59 61 62 65 67 68 69 71 73 74 75 77 81 83 86 88 89 93 96 97 98 100 101 105 108 114 122 126 129 130 135 136 137 141 142 143 144 147 149 150 151 152 154 156 157 159 163 164 167 169 170 174 175 178 184 185 186 187 189 190 193 196 200
6586 104 1 2 3 4 5 6 8 10 12 13 15 16 19 20 22 24 27 28 29 31 33 37 38 41 42 44 45 49 50 52 53 55 57 59 60 61 63 65 66 68 70 73 79 80 83 86 88 93 94 95 96 97 99 102 103 104 106 108 112 113 116 118 120 121 130 135 137 138 140 141 142 144 146 147 150 151 152 154 156 159 160 163 165 166 170 171 172 173 175 176 177 178 180 182 185 186 187 192 193 194 196 198 199 200
5263 87 1 2 3 6 12 14 19 20 21 22 24 25 27 30 35 37 38 40 41 43 46 48 50 51 52 54 60 63 66 71 75 76 80 81 82 85 87 90 94 95 98 99 102 104 108 110 111 112 118 119 120 122 124 131 132 134 136 137 139 145 146 147 149 151 154 158 159 161 163 165 167 168 169 173 175 180 181 182 183 186 187 194 195 196 197 198 200
6512 98 1 3 4 8 10 11 13 17 19 20 24 25 26 29 30 31 32 35 36 37 39 42 43 45 47 48 51 52 54 55 56 58 59 61 62 63 64 67 69 71 75 76 77 79 83 86 87 88 94 95 98 99 100 103 112 114 117 118 120 122 123 124 125 127 132 133 136 138 140 141 144 145 146 148 152 154 160 161 164 165 169 170 174 176 178 179 181 183 187 189 190 192 193 194 195 196 198 200
5693 84 1 2 3 5 8 9 11 15 19 20 21 22 23 25 31 33 36 38 39 40 42 44 46 47 49 51 52 53 55 57 65 66 70 72 73 74 75 77 80 81 82 83 85 87 88 91 92 93 96 97 100 103 105 110 111 118 124 126 129 133 134 137 138 141 143 144 145 152 162 163 165 168 169 171 174 176 178 179 182 183 185 192 194 200
6409 89 8 12 14 17 23 24 30 33 35 38 39 40 43 44 47 48 49 50 52 56 60 64 67 68 70 72 75 77 78 80 81 83 84 87 88 89 93 94 96 97 98 101 103 104 107 108 109 110 112 118 120 124 125 126 131 134 136 138 139 140 141 144 145 146 148 149 151 152 154 159 161 163 166 168 170 177 178 179 183 186 187 188 191 193 194 197 198 199 200
6110 89 1 6 7 10 12 13 15 18 19 21 22 26 32 33 35 36 39 40 43 45 48 51 53 54 56 58 62 63 65 67 68 69 70 71 72 75 78 81 85 88 91 94 95 98 102 104 106 110 113 115 118 119 120 124 130 132 133 135 137 141 142 144 145 148 149 150 152 155 157 159 161 166 167 170 171 175 176 179 180 181 183 184 186 187 188 192 193 196 200
5890 98 1 2 5 6 8 11 13 15 18 20 22 24 25 29 30 32 35 36 37 38 40 42 46 48 49 55 56 57 59 61 69 70 72 73 75 78 80 81 82 85 87 88 90 91 93 94 95 96 97 98 101 103 104 106 109 111 113 114 117 121 122 123 124 126 132 135 137 139 140 145 149 153 154 156 157 158 161 162 163 167 169 171 172 173 175 176 178 179 180 181 182 188 191 192 194 197 198 200
5485 91 1 3 4 9 10 12 13 14 17 21 22 23 24 26 27 28 30 32 34 38 39 40 45 46 50 54 56 58 60 61 62 64 65 66 67 69 70 74 76 78 81 82 87 88 92 94 95 96 102 104 105 106 112 114 115 117 118 121 123 124 125 128 131 137 138 139 140 146 147 152 154 159 161 164 166 168 172 173 174 179 183 184 185 187 190 193 195 197 198 199 200
6318 100 4 6 8 9 14 17 19 21 23 24 28 29 30 33 37 39 40 41 42 44 45 46 50 51 52 53 55 56 57 58 59 62 64 66 68 69 70 71 72 73 74 75 77 78 79 80 81 89 93 95 96 99 100 102 105 106 107 108 109 112 115 117 119 122 123 124 125 129 131 135 138 139 145 146 149 151 153 154 156 158 159 164 167 170 171 172 175 176 178 179 180 182 184 187 188 190 193 197 199 200
